L 07/01/2021 - 23:54:17: [optional/rpg.smx] <真玄境六级>Min:"asd"
L 07/02/2021 - 00:03:05: [optional/rpg.smx] <真玄境六级>Min:"?"
L 07/02/2021 - 01:23:16: [optional/rpg.smx] <神魂境七级>87:"!"
L 07/02/2021 - 01:23:23: [optional/rpg.smx] <神魂境十级>CHESFrk:"?"
L 07/02/2021 - 01:26:11: [optional/rpg.smx] <神魂境十级>CHESFrk:"woqu"
L 07/02/2021 - 01:34:00: [optional/rpg.smx] <神魂境七级>87:"我網路有點問題"
L 07/02/2021 - 08:57:58: [optional/rpg.smx] <神魂境九级>iZaya:"az"
L 07/02/2021 - 08:58:02: [optional/rpg.smx] <神魂境九级>iZaya:"这么早的吗"
L 07/02/2021 - 08:58:07: [optional/rpg.smx] <灵玄境八级>elegy dedicated with love:"你不也是"
L 07/02/2021 - 08:58:10: [optional/rpg.smx] <神魂境九级>iZaya:"."
L 07/02/2021 - 08:59:10: [optional/rpg.smx] <灵玄境八级>elegy dedicated with love:"你会调不带ai打的嘛"
L 07/02/2021 - 09:09:28: [optional/rpg.smx] <神灵境十级>RookieGarfied:"大哥"
L 07/02/2021 - 09:09:31: [optional/rpg.smx] <神灵境十级>RookieGarfied:"别在这打啊"
L 07/02/2021 - 09:09:41: [optional/rpg.smx] <神魂境九级>iZaya:"我也没想着在浙大"
L 07/02/2021 - 09:09:58: [optional/rpg.smx] <神灵境十级>RookieGarfied:"这太空了"
L 07/02/2021 - 09:10:07: [optional/rpg.smx] <神灵境十级>RookieGarfied:"特感还能空降"
L 07/02/2021 - 09:16:19: [optional/rpg.smx] <神灵境十级>RookieGarfied:jiuminga jiu ming a
L 07/02/2021 - 09:16:19: [optional/rpg.smx] <神灵境十级>RookieGarfied:jiuminga jiu ming a
L 07/02/2021 - 09:18:01: [optional/rpg.smx] <神灵境十级>RookieGarfied:"去车那边打叭"
L 07/02/2021 - 09:20:35: [optional/rpg.smx] <神灵境十级>RookieGarfied:"不会玩了"
L 07/02/2021 - 09:20:44: [optional/rpg.smx] <神魂境九级>iZaya:"卡"
L 07/02/2021 - 09:30:10: [optional/rpg.smx] <神灵境十级>RookieGarfied:"不守了"
L 07/02/2021 - 09:36:41: [optional/rpg.smx] <神灵境十级>RookieGarfied:"你们几个没睡醒吗"
L 07/02/2021 - 09:36:54: [optional/rpg.smx] <神魂境九级>iZaya:"嗯"
L 07/02/2021 - 09:36:58: [optional/rpg.smx] <神魂境九级>iZaya:"睡的晚"
L 07/02/2021 - 09:37:02: [optional/rpg.smx] <神魂境九级>iZaya:"起得早"
L 07/02/2021 - 09:39:37: [optional/rpg.smx] <神灵境十级>RookieGarfied:"你裆部有把斧子"
L 07/02/2021 - 09:39:41: [optional/rpg.smx] <神魂境九级>iZaya:" = ="
L 07/02/2021 - 09:45:44: [optional/rpg.smx] <神魂境九级>iZaya:"在小过道可以守一下"
L 07/02/2021 - 09:46:09: [optional/rpg.smx] <神灵境十级>RookieGarfied:"大早上没人玩"
L 07/02/2021 - 09:46:16: [optional/rpg.smx] <神灵境十级>RookieGarfied:"现在anne怎么多了这么多服务器"
L 07/02/2021 - 09:46:20: [optional/rpg.smx] <灵玄境九级>elegy dedicated with love:"正常打可以在屋檐下收完"
L 07/02/2021 - 09:46:21: [optional/rpg.smx] <神魂境九级>iZaya:"bzd"
L 07/02/2021 - 09:46:32: [optional/rpg.smx] <神灵境十级>RookieGarfied:"不好守"
L 07/02/2021 - 09:46:36: [optional/rpg.smx] <神灵境十级>RookieGarfied:"血型不好"
L 07/02/2021 - 09:46:50: [optional/rpg.smx] <神灵境十级>RookieGarfied:"血型好在过道就能守了"
L 07/02/2021 - 09:47:07: [optional/rpg.smx] <神灵境十级>RookieGarfied:"完蛋"
L 07/02/2021 - 09:48:40: [optional/rpg.smx] <神灵境十级>RookieGarfied:"好卡"
L 07/02/2021 - 09:48:43: [optional/rpg.smx] <神魂境九级>iZaya:"en"
L 07/02/2021 - 09:51:41: [optional/rpg.smx] <王玄境九级>銅鑼灣揸fit人:"!j"
