L 04/23/2022 - 00:00:01: SourceMod log file session started (file "/root/l4d2/left4dead2/addons/sourcemod/logs/L20220423.log") (Version "1.11.0.6826")
L 04/23/2022 - 00:00:01: [optional/AnneHappy/l4d2_skill_detect.smx] Witch Crown Check: crown shot: 930, harrassed: 0 (full health: 1000 / drawthresh: 500 / oneshot 1)
L 04/23/2022 - 00:00:22: [optional/AnneHappy/l4d2_skill_detect.smx] Clear: 1 freed 3 from 11: time: 0.66 / -1.00 -- class: hunter (with shove? 0)
L 04/23/2022 - 00:00:46: [optional/AnneHappy/l4d2_skill_detect.smx] Clear: 4 freed 6 from 12: time: 0.75 / -1.00 -- class: hunter (with shove? 0)
L 04/23/2022 - 00:01:15: [optional/AnneHappy/l4d2_skill_detect.smx] Clear: 3 freed 1 from 7: time: 3.16 / -1.00 -- class: hunter (with shove? 0)
L 04/23/2022 - 00:01:18: [optional/AnneHappy/l4d2_skill_detect.smx] Clear: 6 freed 4 from 10: time: 4.98 / 7.66 -- class: smoker (with shove? 0)
L 04/23/2022 - 00:01:30: [optional/AnneHappy/l4d2_skill_detect.smx] Clear: 1 freed 3 from 5: time: -1.00 / 1.78 -- class: smoker (with shove? 0)
L 04/23/2022 - 00:01:34: [optional/AnneHappy/l4d2_skill_detect.smx] Clear: 6 freed 4 from 8: time: 0.35 / -1.00 -- class: hunter (with shove? 0)
L 04/23/2022 - 00:01:37: [optional/AnneHappy/l4d2_skill_detect.smx] Clear: 3 freed 6 from 10: time: 1.09 / -1.00 -- class: hunter (with shove? 0)
L 04/23/2022 - 00:02:05: [optional/AnneHappy/l4d2_skill_detect.smx] Clear: 1 freed 6 from 9: time: 1.17 / -1.00 -- class: hunter (with shove? 0)
L 04/23/2022 - 00:02:20: [optional/AnneHappy/l4d2_skill_detect.smx] Clear: 6 freed 1 from 5: time: -1.00 / 1.39 -- class: smoker (with shove? 0)
L 04/23/2022 - 00:02:24: [optional/AnneHappy/l4d2_skill_detect.smx] Clear: 6 freed 1 from 8: time: 2.77 / -1.00 -- class: jockey (with shove? 0)
L 04/23/2022 - 00:03:34: [optional/AnneHappy/l4d2_skill_detect.smx] Clear: 6 freed 4 from 7: time: -1.00 / 0.33 -- class: smoker (with shove? 0)
L 04/23/2022 - 00:03:43: [optional/AnneHappy/l4d2_skill_detect.smx] Clear: 4 freed 3 from 8: time: 1.83 / -1.00 -- class: jockey (with shove? 0)
L 04/23/2022 - 00:04:08: -------- Mapchange to c2m5_concert --------
L 04/23/2022 - 00:04:10: [optional/AnneHappy/servercleanup.smx] Deleted file "addons/sourcemod/logs/errors_20220422.log"
L 04/23/2022 - 00:04:10: [optional/AnneHappy/servercleanup.smx] Deleted file "addons/sourcemod/logs/L20220421.log"
L 04/23/2022 - 00:04:11: [optional/AnneHappy/l4d2_saferoom_item_remove.smx] Removed 0 saferoom item(s) (start: 0; end: 0).
L 04/23/2022 - 00:06:43: SourceMod log file session started (file "/root/l4d2/left4dead2/addons/sourcemod/logs/L20220423.log") (Version "1.11.0.6826")
L 04/23/2022 - 00:06:43: -------- Mapchange to c5m1_waterfront --------
L 04/23/2022 - 00:06:45: [optional/AnneHappy/l4d2_saferoom_item_remove.smx] Removed 0 saferoom item(s) (start: 0; end: 0).
L 04/23/2022 - 01:11:01: -------- Mapchange to c5m1_waterfront --------
L 04/23/2022 - 01:11:03: [optional/AnneHappy/l4d2_saferoom_item_remove.smx] Removed 0 saferoom item(s) (start: 0; end: 0).
L 04/23/2022 - 01:11:39: [optional/AnneHappy/l4d2_skill_detect.smx] Clear: 4 freed 1 from 5: time: 1.54 / 3.56 -- class: smoker (with shove? 1)
L 04/23/2022 - 01:11:42: [optional/AnneHappy/l4d2_skill_detect.smx] Clear: 3 freed 4 from 9: time: 0.56 / -1.00 -- class: jockey (with shove? 0)
L 04/23/2022 - 01:12:03: [optional/AnneHappy/l4d2_skill_detect.smx] Charge carry start: 8 - 4 -- time: 61.75
L 04/23/2022 - 01:12:05: [optional/AnneHappy/l4d2_skill_detect.smx] Clear: 1 freed 4 from 8: time: 0.62 / 1.96 -- class: charger (with shove? 0)
L 04/23/2022 - 01:12:06: [optional/AnneHappy/l4d2_skill_detect.smx] Checking charge victim: 8 - 4 - flags: 1 (alive? 1)
L 04/23/2022 - 01:12:11: [optional/AnneHappy/l4d2_skill_detect.smx] Clear: 4 freed 3 from 9: time: 2.01 / -1.00 -- class: hunter (with shove? 1)
L 04/23/2022 - 01:12:12: [optional/AnneHappy/l4d2_skill_detect.smx] Clear: 1 freed 2 from 10: time: 6.73 / -1.00 -- class: hunter (with shove? 0)
L 04/23/2022 - 01:12:20: [optional/AnneHappy/l4d2_skill_detect.smx] Clear: 1 freed 4 from 5: time: -1.00 / 0.30 -- class: smoker (with shove? 0)
L 04/23/2022 - 01:12:32: [optional/AnneHappy/l4d2_skill_detect.smx] Charge carry start: 6 - 1 -- time: 90.90
L 04/23/2022 - 01:12:35: [optional/AnneHappy/l4d2_skill_detect.smx] Clear: 2 freed 1 from 6: time: 1.60 / 2.56 -- class: charger (with shove? 0)
L 04/23/2022 - 01:12:35: [optional/AnneHappy/l4d2_skill_detect.smx] Checking charge victim: 6 - 1 - flags: 1 (alive? 0)
L 04/23/2022 - 01:12:36: [optional/AnneHappy/l4d2_skill_detect.smx] Checking charge victim: 6 - 4 - flags: 0 (alive? 1)
L 04/23/2022 - 01:13:22: SourceMod log file session started (file "/root/l4d2/left4dead2/addons/sourcemod/logs/L20220423.log") (Version "1.11.0.6826")
L 04/23/2022 - 01:13:22: -------- Mapchange to c5m1_waterfront --------
L 04/23/2022 - 01:13:24: [optional/AnneHappy/l4d2_saferoom_item_remove.smx] Removed 0 saferoom item(s) (start: 0; end: 0).
L 04/23/2022 - 01:45:55: SourceMod log file session started (file "/root/l4d2/left4dead2/addons/sourcemod/logs/L20220423.log") (Version "1.11.0.6826")
L 04/23/2022 - 01:45:55: [optional/AnneHappy/l4d2_saferoom_item_remove.smx] Removed 0 saferoom item(s) (start: 0; end: 0).
L 04/23/2022 - 01:47:08: -------- Mapchange to c5m1_waterfront --------
L 04/23/2022 - 01:47:10: [optional/AnneHappy/l4d2_saferoom_item_remove.smx] Removed 0 saferoom item(s) (start: 0; end: 0).
L 04/23/2022 - 01:49:58: [optional/AnneHappy/l4d2_skill_detect.smx] Witch Crown Check: crown shot: 980, harrassed: 0 (full health: 1000 / drawthresh: 500 / oneshot 1)
L 04/23/2022 - 01:50:34: [optional/AnneHappy/l4d2_skill_detect.smx] Charge carry start: 4 - 1 -- time: 206.25
L 04/23/2022 - 01:50:37: [optional/AnneHappy/l4d2_skill_detect.smx] Checking charge victim: 4 - 1 - flags: 1 (alive? 1)
L 04/23/2022 - 01:51:08: [optional/AnneHappy/l4d2_skill_detect.smx] Clear: 1 freed 1 from 2: time: -1.00 / 0.00 -- class: smoker (with shove? 0)
L 04/23/2022 - 01:51:37: [optional/AnneHappy/l4d2_saferoom_item_remove.smx] Removed 0 saferoom item(s) (start: 0; end: 0).
L 04/23/2022 - 01:53:26: [optional/AnneHappy/l4d2_saferoom_item_remove.smx] Removed 0 saferoom item(s) (start: 0; end: 0).
L 04/23/2022 - 01:53:56: [optional/AnneHappy/l4d2_skill_detect.smx] Witch Crown Check: crown shot: 971, harrassed: 0 (full health: 1000 / drawthresh: 500 / oneshot 1)
L 04/23/2022 - 01:55:13: [optional/AnneHappy/l4d2_skill_detect.smx] calarm trigger: caller 520 / activator 520 / delay: 0.00
L 04/23/2022 - 01:55:13: [optional/AnneHappy/l4d2_skill_detect.smx] Charge carry start: 2 - 1 -- time: 485.19
L 04/23/2022 - 01:55:16: [optional/AnneHappy/l4d2_skill_detect.smx] Checking charge victim: 2 - 1 - flags: 1 (alive? 1)
L 04/23/2022 - 01:55:38: -------- Mapchange to c5m2_park --------
L 04/23/2022 - 01:55:40: [optional/AnneHappy/l4d2_saferoom_item_remove.smx] Removed 0 saferoom item(s) (start: 0; end: 0).
L 04/23/2022 - 01:56:59: [optional/AnneHappy/l4d2_skill_detect.smx] Clear: 1 freed 1 from 2: time: -1.00 / 0.52 -- class: smoker (with shove? 0)
L 04/23/2022 - 01:58:49: [optional/AnneHappy/l4d2_skill_detect.smx] Clear: 1 freed 1 from 5: time: -1.00 / 0.00 -- class: smoker (with shove? 0)
L 04/23/2022 - 01:59:17: [optional/AnneHappy/l4d2_saferoom_item_remove.smx] Removed 0 saferoom item(s) (start: 0; end: 0).
L 04/23/2022 - 02:02:02: [optional/AnneHappy/l4d2_saferoom_item_remove.smx] Removed 0 saferoom item(s) (start: 0; end: 0).
L 04/23/2022 - 02:02:54: [optional/AnneHappy/l4d2_saferoom_item_remove.smx] Removed 0 saferoom item(s) (start: 0; end: 0).
L 04/23/2022 - 02:03:40: [optional/AnneHappy/l4d2_skill_detect.smx] Clear: 1 freed 1 from 2: time: -1.00 / 0.20 -- class: smoker (with shove? 0)
L 04/23/2022 - 02:03:45: [optional/AnneHappy/l4d2_skill_detect.smx] Charge carry start: 6 - 1 -- time: 486.87
L 04/23/2022 - 02:03:48: [optional/AnneHappy/l4d2_skill_detect.smx] Checking charge victim: 6 - 1 - flags: 1 (alive? 1)
L 04/23/2022 - 02:04:18: [optional/AnneHappy/l4d2_skill_detect.smx] Clear: 1 freed 1 from 2: time: -1.00 / 0.02 -- class: smoker (with shove? 0)
L 04/23/2022 - 02:05:17: [optional/AnneHappy/l4d2_skill_detect.smx] Clear: 1 freed 1 from 2: time: -1.00 / 0.03 -- class: smoker (with shove? 0)
L 04/23/2022 - 02:06:19: [optional/AnneHappy/l4d2_saferoom_item_remove.smx] Removed 0 saferoom item(s) (start: 0; end: 0).
L 04/23/2022 - 02:08:32: [optional/AnneHappy/l4d2_skill_detect.smx] Clear: 1 freed 1 from 5: time: -1.00 / 0.13 -- class: smoker (with shove? 0)
L 04/23/2022 - 02:08:49: [optional/AnneHappy/l4d2_saferoom_item_remove.smx] Removed 0 saferoom item(s) (start: 0; end: 0).
L 04/23/2022 - 02:10:21: [optional/AnneHappy/l4d2_saferoom_item_remove.smx] Removed 0 saferoom item(s) (start: 0; end: 0).
L 04/23/2022 - 02:11:23: [optional/AnneHappy/l4d2_skill_detect.smx] Clear: 1 freed 1 from 3: time: -1.00 / 0.10 -- class: smoker (with shove? 0)
L 04/23/2022 - 02:12:32: [optional/AnneHappy/l4d2_saferoom_item_remove.smx] Removed 0 saferoom item(s) (start: 0; end: 0).
L 04/23/2022 - 02:12:51: [optional/AnneHappy/l4d2_skill_detect.smx] Clear: 1 freed 1 from 5: time: -1.00 / 0.00 -- class: smoker (with shove? 0)
L 04/23/2022 - 02:13:13: [optional/AnneHappy/l4d2_skill_detect.smx] Charge carry start: 6 - 1 -- time: 1054.72
L 04/23/2022 - 02:13:15: [optional/AnneHappy/l4d2_skill_detect.smx] Clear: 6 freed 1 from 6: time: 0.97 / 1.41 -- class: charger (with shove? 0)
L 04/23/2022 - 02:13:17: [optional/AnneHappy/l4d2_skill_detect.smx] Checking charge victim: 6 - 1 - flags: 1 (alive? 1)
L 04/23/2022 - 02:13:55: [optional/AnneHappy/l4d2_saferoom_item_remove.smx] Removed 0 saferoom item(s) (start: 0; end: 0).
L 04/23/2022 - 02:14:34: [optional/AnneHappy/l4d2_skill_detect.smx] Clear: 1 freed 1 from 4: time: -1.00 / 0.86 -- class: smoker (with shove? 1)
L 04/23/2022 - 02:15:02: [optional/AnneHappy/l4d2_skill_detect.smx] Clear: 1 freed 1 from 7: time: -1.00 / 0.07 -- class: smoker (with shove? 0)
L 04/23/2022 - 02:15:31: [optional/AnneHappy/l4d2_saferoom_item_remove.smx] Removed 0 saferoom item(s) (start: 0; end: 0).
L 04/23/2022 - 02:16:53: [optional/AnneHappy/l4d2_skill_detect.smx] Charge carry start: 4 - 1 -- time: 1274.11
L 04/23/2022 - 02:16:56: [optional/AnneHappy/l4d2_skill_detect.smx] Checking charge victim: 4 - 1 - flags: 1 (alive? 1)
L 04/23/2022 - 02:17:17: [optional/AnneHappy/l4d2_skill_detect.smx] Charge carry start: 3 - 1 -- time: 1297.95
L 04/23/2022 - 02:17:20: [optional/AnneHappy/l4d2_skill_detect.smx] Checking charge victim: 3 - 1 - flags: 1 (alive? 1)
L 04/23/2022 - 02:17:26: [optional/AnneHappy/l4d2_saferoom_item_remove.smx] Removed 0 saferoom item(s) (start: 0; end: 0).
L 04/23/2022 - 02:18:51: SourceMod log file session started (file "/root/l4d2/left4dead2/addons/sourcemod/logs/L20220423.log") (Version "1.11.0.6826")
L 04/23/2022 - 02:18:51: -------- Mapchange to c5m1_waterfront --------
L 04/23/2022 - 02:18:52: [optional/AnneHappy/l4d2_saferoom_item_remove.smx] Removed 0 saferoom item(s) (start: 0; end: 0).
L 04/23/2022 - 03:02:30: -------- Mapchange to c5m1_waterfront --------
L 04/23/2022 - 03:02:32: [optional/AnneHappy/l4d2_saferoom_item_remove.smx] Removed 0 saferoom item(s) (start: 0; end: 0).
L 04/23/2022 - 03:03:08: -------- Mapchange to c5m1_waterfront --------
L 04/23/2022 - 03:03:09: [optional/AnneHappy/l4d2_saferoom_item_remove.smx] Removed 0 saferoom item(s) (start: 0; end: 0).
L 04/23/2022 - 03:03:56: -------- Mapchange to c5m1_waterfront --------
L 04/23/2022 - 03:03:58: [optional/AnneHappy/l4d2_saferoom_item_remove.smx] Removed 0 saferoom item(s) (start: 0; end: 0).
L 04/23/2022 - 03:07:15: [optional/AnneHappy/l4d2_skill_detect.smx] Witch Crown Check: crown shot: 924, harrassed: 0 (full health: 1000 / drawthresh: 500 / oneshot 1)
L 04/23/2022 - 03:07:38: -------- Mapchange to c5m2_park --------
L 04/23/2022 - 03:07:40: [optional/AnneHappy/l4d2_saferoom_item_remove.smx] Removed 0 saferoom item(s) (start: 0; end: 0).
L 04/23/2022 - 03:11:29: [optional/AnneHappy/l4d2_skill_detect.smx] Witch Crown Check: crown shot: 910, harrassed: 1 (full health: 1000 / drawthresh: 500 / oneshot 0)
L 04/23/2022 - 03:12:10: -------- Mapchange to c5m3_cemetery --------
L 04/23/2022 - 03:12:12: [optional/AnneHappy/l4d2_saferoom_item_remove.smx] Removed 0 saferoom item(s) (start: 0; end: 0).
L 04/23/2022 - 03:16:20: [optional/AnneHappy/l4d2_saferoom_item_remove.smx] Removed 0 saferoom item(s) (start: 0; end: 0).
L 04/23/2022 - 03:19:09: [optional/AnneHappy/l4d2_skill_detect.smx] Witch Crown Check: crown shot: 972, harrassed: 0 (full health: 1000 / drawthresh: 500 / oneshot 1)
L 04/23/2022 - 03:21:40: SourceMod log file session started (file "/root/l4d2/left4dead2/addons/sourcemod/logs/L20220423.log") (Version "1.11.0.6826")
L 04/23/2022 - 03:21:40: -------- Mapchange to c5m1_waterfront --------
L 04/23/2022 - 03:21:42: [optional/AnneHappy/l4d2_saferoom_item_remove.smx] Removed 0 saferoom item(s) (start: 0; end: 0).
L 04/23/2022 - 03:22:53: -------- Mapchange to bhm1_outskirts --------
L 04/23/2022 - 03:22:54: [optional/l4d2lib.smx] [MI] MapInfo for bhm1_outskirts is missing.
L 04/23/2022 - 03:22:54: [AnneHappy.smx] [MI] MapInfo for bhm1_outskirts is missing.
L 04/23/2022 - 03:22:54: [optional/AnneHappy/l4d2_saferoom_detect.smx] [SI] SaferoomInfo for bhm1_outskirts is missing.
L 04/23/2022 - 03:22:56: [optional/AnneHappy/l4d2_saferoom_item_remove.smx] Removed 0 saferoom item(s) (start: 0; end: 0).
L 04/23/2022 - 03:23:40: [optional/AnneHappy/l4d2_skill_detect.smx] Clear: 5 freed 2 from 6: time: 3.98 / -1.00 -- class: jockey (with shove? 1)
L 04/23/2022 - 03:23:45: [optional/AnneHappy/l4d2_skill_detect.smx] Clear: 2 freed 5 from 9: time: 2.00 / -1.00 -- class: jockey (with shove? 1)
L 04/23/2022 - 03:24:16: [optional/AnneHappy/l4d2_saferoom_item_remove.smx] Removed 0 saferoom item(s) (start: 0; end: 0).
L 04/23/2022 - 03:25:13: [optional/AnneHappy/l4d2_skill_detect.smx] Clear: 1 freed 2 from 6: time: 0.93 / 1.25 -- class: smoker (with shove? 0)
L 04/23/2022 - 03:25:18: [optional/AnneHappy/l4d2_skill_detect.smx] Clear: 1 freed 4 from 9: time: 0.87 / -1.00 -- class: hunter (with shove? 0)
L 04/23/2022 - 03:25:23: [optional/AnneHappy/l4d2_skill_detect.smx] Clear: 4 freed 5 from 10: time: 3.70 / -1.00 -- class: jockey (with shove? 1)
L 04/23/2022 - 03:25:43: [optional/AnneHappy/l4d2_skill_detect.smx] Clear: 1 freed 4 from 10: time: 1.47 / -1.00 -- class: hunter (with shove? 0)
L 04/23/2022 - 03:25:47: [optional/AnneHappy/l4d2_skill_detect.smx] Clear: 5 freed 2 from 7: time: 2.30 / -1.00 -- class: hunter (with shove? 0)
L 04/23/2022 - 03:25:48: [optional/AnneHappy/l4d2_skill_detect.smx] Charge carry start: 8 - 5 -- time: 173.22
L 04/23/2022 - 03:25:49: [optional/AnneHappy/l4d2_skill_detect.smx] Clear: 4 freed 5 from 8: time: 0.52 / 1.52 -- class: charger (with shove? 0)
L 04/23/2022 - 03:25:51: [optional/AnneHappy/l4d2_skill_detect.smx] Checking charge victim: 8 - 5 - flags: 1 (alive? 1)
L 04/23/2022 - 03:26:16: [optional/AnneHappy/l4d2_skill_detect.smx] Clear: 5 freed 4 from 8: time: 2.39 / -1.00 -- class: jockey (with shove? 0)
L 04/23/2022 - 03:26:19: [optional/AnneHappy/l4d2_skill_detect.smx] Clear: 1 freed 2 from 6: time: 0.36 / 2.28 -- class: smoker (with shove? 0)
L 04/23/2022 - 03:26:31: [optional/AnneHappy/l4d2_skill_detect.smx] Clear: 1 freed 5 from 6: time: 1.71 / -1.00 -- class: hunter (with shove? 0)
L 04/23/2022 - 03:26:33: [optional/AnneHappy/l4d2_skill_detect.smx] calarm trigger: caller 115 / activator 115 / delay: 0.00
L 04/23/2022 - 03:26:35: [optional/AnneHappy/l4d2_skill_detect.smx] Clear: 4 freed 5 from 7: time: 1.86 / -1.00 -- class: hunter (with shove? 0)
L 04/23/2022 - 03:26:56: [optional/AnneHappy/l4d2_skill_detect.smx] Clear: 2 freed 1 from 11: time: 1.54 / -1.00 -- class: hunter (with shove? 0)
L 04/23/2022 - 03:27:58: SourceMod log file session started (file "/root/l4d2/left4dead2/addons/sourcemod/logs/L20220423.log") (Version "1.11.0.6826")
L 04/23/2022 - 03:27:58: -------- Mapchange to c5m1_waterfront --------
L 04/23/2022 - 03:27:59: [optional/AnneHappy/l4d2_saferoom_item_remove.smx] Removed 0 saferoom item(s) (start: 0; end: 0).
L 04/23/2022 - 08:18:41: -------- Mapchange to c5m1_waterfront --------
L 04/23/2022 - 08:18:43: [optional/AnneHappy/l4d2_saferoom_item_remove.smx] Removed 0 saferoom item(s) (start: 0; end: 0).
L 04/23/2022 - 08:19:08: -------- Mapchange to c2m1_highway --------
L 04/23/2022 - 08:19:10: [optional/AnneHappy/l4d2_saferoom_item_remove.smx] Removed 0 saferoom item(s) (start: 0; end: 0).
L 04/23/2022 - 08:19:41: -------- Mapchange to c2m1_highway --------
L 04/23/2022 - 08:19:43: [optional/AnneHappy/l4d2_saferoom_item_remove.smx] Removed 0 saferoom item(s) (start: 0; end: 0).
L 04/23/2022 - 08:25:30: [optional/AnneHappy/l4d2_saferoom_item_remove.smx] Removed 0 saferoom item(s) (start: 0; end: 0).
L 04/23/2022 - 08:26:42: [optional/AnneHappy/l4d2_saferoom_item_remove.smx] Removed 0 saferoom item(s) (start: 0; end: 0).
L 04/23/2022 - 08:32:18: [optional/AnneHappy/l4d2_saferoom_item_remove.smx] Removed 0 saferoom item(s) (start: 0; end: 0).
L 04/23/2022 - 08:39:08: [optional/AnneHappy/l4d2_saferoom_item_remove.smx] Removed 0 saferoom item(s) (start: 0; end: 0).
L 04/23/2022 - 08:46:05: [optional/AnneHappy/l4d2_saferoom_item_remove.smx] Removed 0 saferoom item(s) (start: 0; end: 0).
L 04/23/2022 - 08:51:25: [optional/AnneHappy/l4d2_saferoom_item_remove.smx] Removed 0 saferoom item(s) (start: 0; end: 0).
L 04/23/2022 - 08:52:54: [optional/AnneHappy/l4d2_saferoom_item_remove.smx] Removed 0 saferoom item(s) (start: 0; end: 0).
L 04/23/2022 - 08:59:23: [optional/AnneHappy/l4d2_saferoom_item_remove.smx] Removed 0 saferoom item(s) (start: 0; end: 0).
L 04/23/2022 - 09:04:50: [optional/AnneHappy/l4d2_saferoom_item_remove.smx] Removed 0 saferoom item(s) (start: 0; end: 0).
L 04/23/2022 - 09:13:07: [optional/AnneHappy/l4d2_saferoom_item_remove.smx] Removed 0 saferoom item(s) (start: 0; end: 0).
L 04/23/2022 - 09:14:02: SourceMod log file session started (file "/root/l4d2/left4dead2/addons/sourcemod/logs/L20220423.log") (Version "1.11.0.6826")
L 04/23/2022 - 09:14:02: -------- Mapchange to c5m1_waterfront --------
L 04/23/2022 - 09:14:04: [optional/AnneHappy/l4d2_saferoom_item_remove.smx] Removed 0 saferoom item(s) (start: 0; end: 0).
L 04/23/2022 - 10:56:18: -------- Mapchange to c5m1_waterfront --------
L 04/23/2022 - 10:56:20: [optional/AnneHappy/l4d2_saferoom_item_remove.smx] Removed 0 saferoom item(s) (start: 0; end: 0).
L 04/23/2022 - 10:57:12: -------- Mapchange to c5m1_waterfront --------
L 04/23/2022 - 10:57:14: [optional/AnneHappy/l4d2_saferoom_item_remove.smx] Removed 0 saferoom item(s) (start: 0; end: 0).
L 04/23/2022 - 10:58:00: [optional/AnneHappy/l4d2_skill_detect.smx] Witch Crown Check: crown shot: 800, harrassed: 1 (full health: 1000 / drawthresh: 500 / oneshot 0)
L 04/23/2022 - 10:59:22: [optional/AnneHappy/l4d2_skill_detect.smx] calarm trigger: caller 481 / activator 481 / delay: 0.00
L 04/23/2022 - 10:59:45: -------- Mapchange to c5m1_waterfront --------
L 04/23/2022 - 10:59:47: [optional/AnneHappy/l4d2_saferoom_item_remove.smx] Removed 0 saferoom item(s) (start: 0; end: 0).
L 04/23/2022 - 11:01:03: [optional/AnneHappy/l4d2_skill_detect.smx] Clear: 5 freed 1 from 6: time: 1.25 / -1.00 -- class: hunter (with shove? 0)
L 04/23/2022 - 11:01:08: [optional/AnneHappy/l4d2_skill_detect.smx] Clear: 1 freed 4 from 9: time: 4.77 / 6.56 -- class: smoker (with shove? 0)
L 04/23/2022 - 11:01:26: [optional/AnneHappy/l4d2_skill_detect.smx] Charge carry start: 7 - 3 -- time: 101.22
L 04/23/2022 - 11:01:27: [optional/AnneHappy/l4d2_skill_detect.smx] Clear: 4 freed 3 from 7: time: 0.05 / 0.91 -- class: charger (with shove? 0)
L 04/23/2022 - 11:01:27: [optional/AnneHappy/l4d2_skill_detect.smx] Clear: 4 freed 5 from 6: time: 1.50 / -1.00 -- class: jockey (with shove? 1)
L 04/23/2022 - 11:01:29: [optional/AnneHappy/l4d2_skill_detect.smx] Checking charge victim: 7 - 3 - flags: 1 (alive? 1)
L 04/23/2022 - 11:01:30: [optional/AnneHappy/l4d2_skill_detect.smx] Clear: 5 freed 1 from 10: time: 3.90 / -1.00 -- class: hunter (with shove? 0)
L 04/23/2022 - 11:01:42: [optional/AnneHappy/l4d2_skill_detect.smx] Clear: 5 freed 4 from 9: time: 0.69 / 2.22 -- class: smoker (with shove? 0)
L 04/23/2022 - 11:01:58: [optional/AnneHappy/l4d2_skill_detect.smx] Clear: 5 freed 4 from 7: time: 0.75 / -1.00 -- class: hunter (with shove? 0)
L 04/23/2022 - 11:02:11: [optional/AnneHappy/l4d2_skill_detect.smx] Clear: 4 freed 3 from 9: time: 0.22 / 1.30 -- class: smoker (with shove? 0)
L 04/23/2022 - 11:02:16: [optional/AnneHappy/l4d2_skill_detect.smx] Clear: 5 freed 3 from 1: time: 0.32 / 1.88 -- class: smoker (with shove? 0)
L 04/23/2022 - 11:02:22: [optional/AnneHappy/l4d2_skill_detect.smx] Clear: 5 freed 4 from 9: time: 0.49 / -1.00 -- class: hunter (with shove? 0)
L 04/23/2022 - 11:02:22: [optional/AnneHappy/l4d2_skill_detect.smx] Clear: 6 freed 5 from 10: time: 0.12 / -1.00 -- class: jockey (with shove? 0)
L 04/23/2022 - 11:02:23: [optional/AnneHappy/l4d2_skill_detect.smx] Clear: 5 freed 3 from 8: time: 1.83 / -1.00 -- class: hunter (with shove? 0)
L 04/23/2022 - 11:02:26: [optional/AnneHappy/l4d2_skill_detect.smx] Witch Crown Check: crown shot: 939, harrassed: 0 (full health: 1000 / drawthresh: 500 / oneshot 1)
L 04/23/2022 - 11:02:40: [optional/AnneHappy/tankdoorfix.smx] Door bug circumvented.
L 04/23/2022 - 11:02:43: [optional/AnneHappy/l4d2_skill_detect.smx] Clear: 3 freed 4 from 7: time: 1.46 / -1.00 -- class: hunter (with shove? 0)
L 04/23/2022 - 11:02:43: [optional/AnneHappy/l4d2_skill_detect.smx] Charge carry start: 8 - 6 -- time: 178.20
L 04/23/2022 - 11:02:46: [optional/AnneHappy/l4d2_skill_detect.smx] Checking charge victim: 8 - 6 - flags: 1 (alive? 1)
L 04/23/2022 - 11:03:18: [optional/AnneHappy/l4d2_saferoom_item_remove.smx] Removed 0 saferoom item(s) (start: 0; end: 0).
L 04/23/2022 - 11:03:39: [optional/AnneHappy/l4d2_skill_detect.smx] Clear: 6 freed 5 from 3: time: 1.52 / -1.00 -- class: jockey (with shove? 0)
L 04/23/2022 - 11:03:42: [optional/AnneHappy/l4d2_skill_detect.smx] Clear: 5 freed 6 from 7: time: 2.58 / -1.00 -- class: jockey (with shove? 0)
L 04/23/2022 - 11:04:00: [optional/AnneHappy/l4d2_skill_detect.smx] Clear: 5 freed 6 from 3: time: 0.93 / -1.00 -- class: hunter (with shove? 0)
L 04/23/2022 - 11:04:02: [optional/AnneHappy/l4d2_skill_detect.smx] Clear: 4 freed 11 from 8: time: 0.45 / -1.00 -- class: hunter (with shove? 0)
L 04/23/2022 - 11:04:04: [optional/AnneHappy/l4d2_skill_detect.smx] Clear: 5 freed 6 from 9: time: -1.00 / 1.30 -- class: smoker (with shove? 1)
L 04/23/2022 - 11:04:20: [optional/AnneHappy/l4d2_skill_detect.smx] Clear: 5 freed 4 from 3: time: 0.84 / -1.00 -- class: hunter (with shove? 0)
L 04/23/2022 - 11:04:38: [optional/AnneHappy/l4d2_skill_detect.smx] Witch Crown Check: crown shot: 889, harrassed: 1 (full health: 1000 / drawthresh: 500 / oneshot 0)
L 04/23/2022 - 11:04:46: [optional/AnneHappy/l4d2_skill_detect.smx] Clear: 11 freed 5 from 10: time: 2.93 / -1.00 -- class: hunter (with shove? 0)
L 04/23/2022 - 11:04:49: [optional/AnneHappy/l4d2_skill_detect.smx] Clear: 11 freed 4 from 7: time: 5.01 / -1.00 -- class: jockey (with shove? 0)
L 04/23/2022 - 11:04:52: [optional/AnneHappy/l4d2_skill_detect.smx] Clear: 5 freed 6 from 8: time: 0.04 / 2.96 -- class: smoker (with shove? 0)
L 04/23/2022 - 11:04:54: [optional/AnneHappy/l4d2_skill_detect.smx] Clear: 6 freed 5 from 9: time: 0.97 / -1.00 -- class: jockey (with shove? 0)
L 04/23/2022 - 11:05:13: [optional/AnneHappy/l4d2_skill_detect.smx] Clear: 1 freed 11 from 8: time: 1.61 / 327.73 -- class: charger (with shove? 0)
L 04/23/2022 - 11:05:23: [optional/AnneHappy/l4d2_skill_detect.smx] Clear: 5 freed 4 from 10: time: 16.22 / -1.00 -- class: hunter (with shove? 0)
L 04/23/2022 - 11:05:24: [optional/AnneHappy/tankdoorfix.smx] Door bug circumvented.
L 04/23/2022 - 11:05:32: [optional/AnneHappy/l4d2_skill_detect.smx] calarm trigger: caller 539 / activator 539 / delay: 0.00
L 04/23/2022 - 11:05:49: -------- Mapchange to c5m2_park --------
L 04/23/2022 - 11:05:51: [optional/AnneHappy/l4d2_saferoom_item_remove.smx] Removed 0 saferoom item(s) (start: 0; end: 0).
L 04/23/2022 - 11:06:57: [optional/AnneHappy/l4d2_skill_detect.smx] Clear: 4 freed 11 from 3: time: 1.15 / -1.00 -- class: jockey (with shove? 0)
L 04/23/2022 - 11:07:22: [optional/AnneHappy/l4d2_skill_detect.smx] Clear: 6 freed 11 from 10: time: -1.00 / 3.33 -- class: smoker (with shove? 0)
L 04/23/2022 - 11:07:23: [optional/AnneHappy/l4d2_skill_detect.smx] Clear: 11 freed 6 from 7: time: 0.83 / -1.00 -- class: hunter (with shove? 0)
L 04/23/2022 - 11:07:48: [optional/AnneHappy/l4d2_skill_detect.smx] Clear: 6 freed 5 from 9: time: 4.12 / -1.00 -- class: jockey (with shove? 0)
L 04/23/2022 - 11:07:58: [optional/AnneHappy/l4d2_skill_detect.smx] Clear: 6 freed 4 from 10: time: -1.00 / 6.30 -- class: smoker (with shove? 0)
L 04/23/2022 - 11:08:26: [optional/AnneHappy/l4d2_skill_detect.smx] Clear: 6 freed 4 from 7: time: 7.47 / -1.00 -- class: hunter (with shove? 0)
L 04/23/2022 - 11:08:49: [optional/AnneHappy/l4d2_skill_detect.smx] Clear: 5 freed 6 from 10: time: -1.00 / 2.25 -- class: smoker (with shove? 0)
L 04/23/2022 - 11:09:13: [optional/AnneHappy/l4d2_saferoom_item_remove.smx] Removed 0 saferoom item(s) (start: 0; end: 0).
L 04/23/2022 - 11:09:43: [optional/AnneHappy/l4d2_skill_detect.smx] Clear: 4 freed 11 from 1: time: 0.71 / -1.00 -- class: hunter (with shove? 0)
L 04/23/2022 - 11:10:09: [optional/AnneHappy/l4d2_skill_detect.smx] Clear: 5 freed 4 from 1: time: 0.63 / 1.65 -- class: smoker (with shove? 0)
L 04/23/2022 - 11:10:12: [optional/AnneHappy/l4d2_skill_detect.smx] Clear: 5 freed 11 from 9: time: 1.57 / -1.00 -- class: hunter (with shove? 1)
L 04/23/2022 - 11:10:36: [optional/AnneHappy/l4d2_skill_detect.smx] Clear: 5 freed 4 from 10: time: 6.83 / -1.00 -- class: hunter (with shove? 0)
L 04/23/2022 - 11:10:42: [optional/AnneHappy/l4d2_skill_detect.smx] Clear: 5 freed 6 from 7: time: 1.92 / 5.63 -- class: smoker (with shove? 0)
L 04/23/2022 - 11:10:46: [optional/AnneHappy/l4d2_skill_detect.smx] Clear: 5 freed 6 from 3: time: 3.95 / -1.00 -- class: jockey (with shove? 0)
L 04/23/2022 - 11:10:58: [optional/AnneHappy/l4d2_skill_detect.smx] Clear: 6 freed 11 from 8: time: 3.95 / -1.00 -- class: hunter (with shove? 0)
L 04/23/2022 - 11:11:27: [optional/AnneHappy/l4d2_saferoom_item_remove.smx] Removed 0 saferoom item(s) (start: 0; end: 0).
L 04/23/2022 - 11:11:53: [optional/AnneHappy/l4d2_skill_detect.smx] Clear: 6 freed 11 from 2: time: 1.22 / -1.00 -- class: hunter (with shove? 0)
L 04/23/2022 - 11:12:09: [optional/AnneHappy/l4d2_skill_detect.smx] Clear: 5 freed 11 from 8: time: 1.39 / -1.00 -- class: hunter (with shove? 0)
L 04/23/2022 - 11:12:09: [optional/AnneHappy/l4d2_skill_detect.smx] Clear: 6 freed 4 from 9: time: 4.38 / -1.00 -- class: hunter (with shove? 0)
L 04/23/2022 - 11:12:29: [optional/AnneHappy/l4d2_skill_detect.smx] Clear: 4 freed 5 from 2: time: -1.00 / 0.75 -- class: smoker (with shove? 0)
L 04/23/2022 - 11:12:32: [optional/AnneHappy/l4d2_skill_detect.smx] Clear: 4 freed 5 from 3: time: 2.22 / -1.00 -- class: hunter (with shove? 0)
L 04/23/2022 - 11:12:35: [optional/AnneHappy/l4d2_skill_detect.smx] Clear: 4 freed 11 from 9: time: 2.11 / -1.00 -- class: jockey (with shove? 0)
L 04/23/2022 - 11:12:36: [optional/AnneHappy/l4d2_skill_detect.smx] Clear: 11 freed 5 from 7: time: 1.26 / -1.00 -- class: hunter (with shove? 0)
L 04/23/2022 - 11:12:55: [optional/AnneHappy/l4d2_skill_detect.smx] Charge carry start: 3 - 4 -- time: 426.07
L 04/23/2022 - 11:12:57: [optional/AnneHappy/l4d2_skill_detect.smx] Clear: 11 freed 5 from 10: time: 1.97 / -1.00 -- class: jockey (with shove? 0)
L 04/23/2022 - 11:13:00: [optional/AnneHappy/l4d2_skill_detect.smx] Checking charge victim: 3 - 4 - flags: 1 (alive? 1)
L 04/23/2022 - 11:13:03: [optional/AnneHappy/l4d2_skill_detect.smx] Clear: 6 freed 4 from 3: time: 5.10 / 7.66 -- class: charger (with shove? 0)
L 04/23/2022 - 11:13:06: [optional/AnneHappy/l4d2_skill_detect.smx] Clear: 5 freed 11 from 8: time: 6.88 / -1.00 -- class: hunter (with shove? 0)
L 04/23/2022 - 11:13:25: [optional/AnneHappy/l4d2_skill_detect.smx] Clear: 5 freed 4 from 9: time: 0.57 / -1.00 -- class: hunter (with shove? 0)
L 04/23/2022 - 11:13:29: [optional/AnneHappy/l4d2_skill_detect.smx] Clear: 6 freed 11 from 8: time: 3.26 / -1.00 -- class: jockey (with shove? 0)
L 04/23/2022 - 11:13:34: [optional/AnneHappy/l4d2_skill_detect.smx] Clear: 11 freed 5 from 10: time: 2.01 / -1.00 -- class: jockey (with shove? 0)
L 04/23/2022 - 11:13:51: [optional/AnneHappy/l4d2_skill_detect.smx] Clear: 6 freed 11 from 9: time: 2.22 / -1.00 -- class: hunter (with shove? 0)
L 04/23/2022 - 11:13:57: [optional/AnneHappy/l4d2_skill_detect.smx] Clear: 5 freed 6 from 7: time: 2.02 / 5.19 -- class: smoker (with shove? 0)
L 04/23/2022 - 11:14:10: [optional/AnneHappy/l4d2_skill_detect.smx] Clear: 4 freed 4 from 2: time: -1.00 / 0.15 -- class: smoker (with shove? 0)
L 04/23/2022 - 11:14:13: [optional/AnneHappy/l4d2_skill_detect.smx] Clear: 5 freed 6 from 3: time: 0.81 / -1.00 -- class: hunter (with shove? 0)
L 04/23/2022 - 11:14:17: [optional/AnneHappy/l4d2_skill_detect.smx] Clear: 5 freed 4 from 9: time: 4.35 / -1.00 -- class: hunter (with shove? 0)
L 04/23/2022 - 11:14:36: [optional/AnneHappy/l4d2_skill_detect.smx] Clear: 5 freed 4 from 9: time: 1.00 / -1.00 -- class: hunter (with shove? 0)
L 04/23/2022 - 11:14:37: [optional/AnneHappy/l4d2_skill_detect.smx] Charge carry start: 1 - 5 -- time: 528.23
L 04/23/2022 - 11:14:39: [optional/AnneHappy/l4d2_skill_detect.smx] Clear: 4 freed 5 from 1: time: 0.48 / 1.63 -- class: charger (with shove? 0)
L 04/23/2022 - 11:14:40: [optional/AnneHappy/l4d2_skill_detect.smx] Checking charge victim: 1 - 5 - flags: 1 (alive? 1)
L 04/23/2022 - 11:14:41: [optional/AnneHappy/l4d2_skill_detect.smx] Clear: 6 freed 11 from 8: time: 1.78 / -1.00 -- class: jockey (with shove? 0)
L 04/23/2022 - 11:14:58: [optional/AnneHappy/l4d2_skill_detect.smx] Charge carry start: 9 - 4 -- time: 549.20
L 04/23/2022 - 11:15:00: [optional/AnneHappy/l4d2_skill_detect.smx] Clear: 6 freed 4 from 9: time: 0.83 / 1.70 -- class: charger (with shove? 0)
L 04/23/2022 - 11:15:01: [optional/AnneHappy/l4d2_skill_detect.smx] Checking charge victim: 9 - 4 - flags: 1 (alive? 1)
L 04/23/2022 - 11:15:05: [optional/AnneHappy/l4d2_skill_detect.smx] Clear: 4 freed 5 from 3: time: 1.76 / 4.13 -- class: smoker (with shove? 0)
L 04/23/2022 - 11:15:26: [optional/AnneHappy/l4d2_skill_detect.smx] Clear: 11 freed 6 from 9: time: 0.15 / -1.00 -- class: hunter (with shove? 0)
L 04/23/2022 - 11:15:30: [optional/AnneHappy/l4d2_skill_detect.smx] Clear: 5 freed 11 from 3: time: 3.58 / -1.00 -- class: jockey (with shove? 0)
L 04/23/2022 - 11:15:52: [optional/AnneHappy/l4d2_skill_detect.smx] Clear: 6 freed 11 from 8: time: 0.63 / -1.00 -- class: jockey (with shove? 0)
L 04/23/2022 - 11:15:53: [optional/AnneHappy/l4d2_skill_detect.smx] Clear: 4 freed 11 from 3: time: 0.76 / -1.00 -- class: hunter (with shove? 0)
L 04/23/2022 - 11:16:18: [optional/AnneHappy/l4d2_skill_detect.smx] Clear: 11 freed 4 from 3: time: 1.48 / -1.00 -- class: hunter (with shove? 0)
L 04/23/2022 - 11:16:21: [optional/AnneHappy/l4d2_skill_detect.smx] Charge carry start: 9 - 4 -- time: 632.09
L 04/23/2022 - 11:16:24: [optional/AnneHappy/l4d2_skill_detect.smx] Clear: 5 freed 4 from 9: time: 1.47 / 2.77 -- class: charger (with shove? 0)
L 04/23/2022 - 11:16:25: [optional/AnneHappy/l4d2_skill_detect.smx] Checking charge victim: 9 - 4 - flags: 1 (alive? 1)
L 04/23/2022 - 11:16:39: [optional/AnneHappy/l4d2_skill_detect.smx] Charge carry start: 9 - 11 -- time: 650.40
L 04/23/2022 - 11:16:40: [optional/AnneHappy/l4d2_skill_detect.smx] Clear: 4 freed 11 from 9: time: 0.03 / 0.95 -- class: charger (with shove? 0)
L 04/23/2022 - 11:16:42: [optional/AnneHappy/l4d2_skill_detect.smx] Checking charge victim: 9 - 11 - flags: 1 (alive? 1)
L 04/23/2022 - 11:16:49: [optional/AnneHappy/l4d2_skill_detect.smx] Clear: 5 freed 4 from 2: time: 0.91 / -1.00 -- class: hunter (with shove? 0)
L 04/23/2022 - 11:17:06: [optional/AnneHappy/l4d2_skill_detect.smx] Clear: 5 freed 11 from 9: time: 1.14 / -1.00 -- class: jockey (with shove? 0)
L 04/23/2022 - 11:17:14: [optional/AnneHappy/l4d2_skill_detect.smx] Clear: 6 freed 5 from 3: time: 1.38 / -1.00 -- class: jockey (with shove? 0)
L 04/23/2022 - 11:17:44: [optional/AnneHappy/l4d2_saferoom_item_remove.smx] Removed 0 saferoom item(s) (start: 0; end: 0).
L 04/23/2022 - 11:18:30: [optional/AnneHappy/l4d2_skill_detect.smx] Clear: 5 freed 4 from 7: time: 0.88 / -1.00 -- class: hunter (with shove? 0)
L 04/23/2022 - 11:18:57: [optional/AnneHappy/l4d2_skill_detect.smx] Clear: 11 freed 5 from 3: time: -1.00 / 0.98 -- class: smoker (with shove? 1)
L 04/23/2022 - 11:19:17: [optional/AnneHappy/l4d2_skill_detect.smx] Clear: 6 freed 5 from 8: time: 1.40 / -1.00 -- class: hunter (with shove? 0)
L 04/23/2022 - 11:19:23: [optional/AnneHappy/l4d2_skill_detect.smx] Clear: 11 freed 4 from 9: time: -1.00 / 1.00 -- class: smoker (with shove? 0)
L 04/23/2022 - 11:20:08: [optional/AnneHappy/l4d2_skill_detect.smx] Charge carry start: 8 - 4 -- time: 858.60
L 04/23/2022 - 11:20:11: [optional/AnneHappy/l4d2_skill_detect.smx] Clear: 11 freed 6 from 9: time: 1.59 / -1.00 -- class: hunter (with shove? 0)
L 04/23/2022 - 11:20:11: [optional/AnneHappy/l4d2_skill_detect.smx] Checking charge victim: 8 - 4 - flags: 1 (alive? 1)
L 04/23/2022 - 11:20:22: [optional/AnneHappy/l4d2_saferoom_item_remove.smx] Removed 0 saferoom item(s) (start: 0; end: 0).
L 04/23/2022 - 11:21:53: SourceMod log file session started (file "/root/l4d2/left4dead2/addons/sourcemod/logs/L20220423.log") (Version "1.11.0.6826")
L 04/23/2022 - 11:21:53: -------- Mapchange to c5m1_waterfront --------
L 04/23/2022 - 11:21:55: [optional/AnneHappy/l4d2_saferoom_item_remove.smx] Removed 0 saferoom item(s) (start: 0; end: 0).
L 04/23/2022 - 11:42:01: -------- Mapchange to c5m1_waterfront --------
L 04/23/2022 - 11:42:03: [optional/AnneHappy/l4d2_saferoom_item_remove.smx] Removed 0 saferoom item(s) (start: 0; end: 0).
L 04/23/2022 - 11:42:30: -------- Mapchange to c5m1_waterfront --------
L 04/23/2022 - 11:42:32: [optional/AnneHappy/l4d2_saferoom_item_remove.smx] Removed 0 saferoom item(s) (start: 0; end: 0).
L 04/23/2022 - 11:43:41: [optional/AnneHappy/l4d2_skill_detect.smx] Witch Crown Check: crown shot: 984, harrassed: 0 (full health: 1000 / drawthresh: 500 / oneshot 1)
L 04/23/2022 - 11:44:46: -------- Mapchange to c5m2_park --------
L 04/23/2022 - 11:44:49: [optional/AnneHappy/l4d2_saferoom_item_remove.smx] Removed 0 saferoom item(s) (start: 0; end: 0).
L 04/23/2022 - 11:48:07: [optional/AnneHappy/l4d2_saferoom_item_remove.smx] Removed 0 saferoom item(s) (start: 0; end: 0).
L 04/23/2022 - 11:51:16: [optional/AnneHappy/l4d2_saferoom_item_remove.smx] Removed 0 saferoom item(s) (start: 0; end: 0).
L 04/23/2022 - 11:54:47: [optional/AnneHappy/l4d2_saferoom_item_remove.smx] Removed 0 saferoom item(s) (start: 0; end: 0).
L 04/23/2022 - 11:58:30: [optional/AnneHappy/l4d2_skill_detect.smx] Witch Crown Check: crown shot: 950, harrassed: 0 (full health: 1000 / drawthresh: 500 / oneshot 1)
L 04/23/2022 - 11:59:04: -------- Mapchange to c5m3_cemetery --------
L 04/23/2022 - 11:59:06: [optional/AnneHappy/l4d2_saferoom_item_remove.smx] Removed 0 saferoom item(s) (start: 0; end: 0).
L 04/23/2022 - 12:01:16: [optional/AnneHappy/l4d2_skill_detect.smx] Witch Crown Check: crown shot: 986, harrassed: 0 (full health: 1000 / drawthresh: 500 / oneshot 1)
L 04/23/2022 - 12:03:21: [optional/AnneHappy/l4d2_saferoom_item_remove.smx] Removed 0 saferoom item(s) (start: 0; end: 0).
L 04/23/2022 - 12:05:47: [optional/AnneHappy/l4d2_skill_detect.smx] Witch Crown Check: crown shot: 938, harrassed: 0 (full health: 1000 / drawthresh: 500 / oneshot 1)
L 04/23/2022 - 12:08:27: [optional/AnneHappy/l4d2_saferoom_item_remove.smx] Removed 0 saferoom item(s) (start: 0; end: 0).
L 04/23/2022 - 12:10:30: [optional/AnneHappy/l4d2_skill_detect.smx] Witch Crown Check: crown shot: 940, harrassed: 1 (full health: 1000 / drawthresh: 500 / oneshot 1)
L 04/23/2022 - 12:11:16: [optional/AnneHappy/l4d2_skill_detect.smx] calarm trigger: caller 1155 / activator 1155 / delay: 0.00
L 04/23/2022 - 12:12:41: [optional/AnneHappy/l4d2_saferoom_item_remove.smx] Removed 0 saferoom item(s) (start: 0; end: 0).
L 04/23/2022 - 12:17:09: [optional/AnneHappy/l4d2_saferoom_item_remove.smx] Removed 0 saferoom item(s) (start: 0; end: 0).
L 04/23/2022 - 12:18:46: [optional/AnneHappy/l4d2_saferoom_item_remove.smx] Removed 0 saferoom item(s) (start: 0; end: 0).
L 04/23/2022 - 12:20:41: [optional/AnneHappy/l4d2_saferoom_item_remove.smx] Removed 0 saferoom item(s) (start: 0; end: 0).
L 04/23/2022 - 12:24:18: [optional/AnneHappy/l4d2_saferoom_item_remove.smx] Removed 0 saferoom item(s) (start: 0; end: 0).
L 04/23/2022 - 12:26:17: [optional/AnneHappy/l4d2_skill_detect.smx] Witch Crown Check: crown shot: 973, harrassed: 0 (full health: 1000 / drawthresh: 500 / oneshot 1)
L 04/23/2022 - 12:27:27: [optional/AnneHappy/l4d2_skill_detect.smx] calarm trigger: caller 1145 / activator 1145 / delay: 0.00
L 04/23/2022 - 12:27:34: [optional/AnneHappy/l4d2_skill_detect.smx] calarm trigger: caller 1232 / activator 1232 / delay: 0.00
L 04/23/2022 - 12:28:28: [optional/AnneHappy/l4d2_saferoom_item_remove.smx] Removed 0 saferoom item(s) (start: 0; end: 0).
L 04/23/2022 - 12:30:46: SourceMod log file session started (file "/root/l4d2/left4dead2/addons/sourcemod/logs/L20220423.log") (Version "1.11.0.6826")
L 04/23/2022 - 12:30:46: -------- Mapchange to c5m1_waterfront --------
L 04/23/2022 - 12:30:47: [optional/AnneHappy/l4d2_saferoom_item_remove.smx] Removed 0 saferoom item(s) (start: 0; end: 0).
L 04/23/2022 - 12:32:18: -------- Mapchange to c5m1_waterfront --------
L 04/23/2022 - 12:32:20: [optional/AnneHappy/l4d2_saferoom_item_remove.smx] Removed 0 saferoom item(s) (start: 0; end: 0).
L 04/23/2022 - 12:34:01: [optional/AnneHappy/l4d2_saferoom_item_remove.smx] Removed 0 saferoom item(s) (start: 0; end: 0).
L 04/23/2022 - 12:34:27: [optional/AnneHappy/tankdoorfix.smx] Door bug circumvented.
L 04/23/2022 - 12:34:32: [optional/AnneHappy/l4d2_skill_detect.smx] Clear: 2 freed 3 from 8: time: 0.70 / 1.54 -- class: smoker (with shove? 1)
L 04/23/2022 - 12:34:37: [optional/AnneHappy/l4d2_skill_detect.smx] Charge carry start: 5 - 2 -- time: 138.77
L 04/23/2022 - 12:34:40: [optional/AnneHappy/l4d2_skill_detect.smx] Witch Crown Check: Failed: bungled: 0 / crowntype: 0 (entity: 56)
L 04/23/2022 - 12:34:40: [optional/AnneHappy/l4d2_skill_detect.smx] Witch Crown Check: Further details: attacker: Trip, attacker dmg: 750, teamless dmg: 0
L 04/23/2022 - 12:34:40: [optional/AnneHappy/l4d2_skill_detect.smx] Checking charge victim: 5 - 2 - flags: 1 (alive? 1)
L 04/23/2022 - 12:34:47: [optional/AnneHappy/l4d2_skill_detect.smx] Clear: 3 freed 4 from 7: time: 15.08 / -1.00 -- class: hunter (with shove? 1)
L 04/23/2022 - 12:35:21: [optional/AnneHappy/l4d2_saferoom_item_remove.smx] Removed 0 saferoom item(s) (start: 0; end: 0).
L 04/23/2022 - 12:35:47: [optional/AnneHappy/l4d2_skill_detect.smx] Charge carry start: 6 - 4 -- time: 208.83
L 04/23/2022 - 12:35:49: [optional/AnneHappy/l4d2_skill_detect.smx] Clear: 1 freed 4 from 6: time: 0.55 / 2.00 -- class: charger (with shove? 0)
L 04/23/2022 - 12:35:50: [optional/AnneHappy/l4d2_skill_detect.smx] Checking charge victim: 6 - 4 - flags: 1 (alive? 1)
L 04/23/2022 - 12:35:51: [optional/AnneHappy/l4d2_skill_detect.smx] Checking charge victim: 6 - 2 - flags: 0 (alive? 1)
L 04/23/2022 - 12:35:51: [optional/AnneHappy/l4d2_skill_detect.smx] Checking charge victim: 6 - 3 - flags: 0 (alive? 1)
L 04/23/2022 - 12:35:57: [optional/AnneHappy/l4d2_skill_detect.smx] Clear: 2 freed 1 from 9: time: 3.21 / -1.00 -- class: hunter (with shove? 1)
L 04/23/2022 - 12:36:00: [optional/AnneHappy/l4d2_skill_detect.smx] Clear: 4 freed 2 from 9: time: 1.55 / -1.00 -- class: hunter (with shove? 0)
L 04/23/2022 - 12:36:12: [optional/AnneHappy/l4d2_skill_detect.smx] Charge carry start: 6 - 3 -- time: 234.04
L 04/23/2022 - 12:36:12: [optional/AnneHappy/l4d2_skill_detect.smx] Clear: 2 freed 1 from 9: time: 3.19 / -1.00 -- class: hunter (with shove? 1)
L 04/23/2022 - 12:36:15: [optional/AnneHappy/l4d2_skill_detect.smx] Checking charge victim: 6 - 4 - flags: 0 (alive? 1)
L 04/23/2022 - 12:36:16: [optional/AnneHappy/l4d2_skill_detect.smx] Checking charge victim: 6 - 3 - flags: 1 (alive? 1)
L 04/23/2022 - 12:36:19: [optional/AnneHappy/l4d2_skill_detect.smx] Clear: 4 freed 2 from 9: time: 5.50 / -1.00 -- class: hunter (with shove? 0)
L 04/23/2022 - 12:36:51: [optional/AnneHappy/l4d2_saferoom_item_remove.smx] Removed 0 saferoom item(s) (start: 0; end: 0).
L 04/23/2022 - 12:39:01: [optional/AnneHappy/l4d2_skill_detect.smx] Clear: 2 freed 4 from 10: time: 1.01 / -1.00 -- class: jockey (with shove? 1)
L 04/23/2022 - 12:39:14: [optional/AnneHappy/tankdoorfix.smx] Door bug circumvented.
L 04/23/2022 - 12:39:18: [optional/AnneHappy/tankdoorfix.smx] Door bug circumvented.
L 04/23/2022 - 12:39:31: [optional/AnneHappy/l4d2_skill_detect.smx] Charge carry start: 9 - 4 -- time: 432.95
L 04/23/2022 - 12:39:34: [optional/AnneHappy/l4d2_skill_detect.smx] Checking charge victim: 9 - 3 - flags: 0 (alive? 1)
L 04/23/2022 - 12:39:35: [optional/AnneHappy/l4d2_skill_detect.smx] Checking charge victim: 9 - 4 - flags: 1 (alive? 1)
L 04/23/2022 - 12:39:36: [optional/AnneHappy/l4d2_skill_detect.smx] Clear: 6 freed 4 from 9: time: 3.52 / 5.00 -- class: charger (with shove? 0)
L 04/23/2022 - 12:42:08: SourceMod log file session started (file "/root/l4d2/left4dead2/addons/sourcemod/logs/L20220423.log") (Version "1.11.0.6826")
L 04/23/2022 - 12:42:08: -------- Mapchange to c5m1_waterfront --------
L 04/23/2022 - 12:42:09: [optional/AnneHappy/l4d2_saferoom_item_remove.smx] Removed 0 saferoom item(s) (start: 0; end: 0).
L 04/23/2022 - 13:44:01: -------- Mapchange to c5m1_waterfront --------
L 04/23/2022 - 13:44:03: [optional/AnneHappy/l4d2_saferoom_item_remove.smx] Removed 0 saferoom item(s) (start: 0; end: 0).
L 04/23/2022 - 13:44:28: -------- Mapchange to c2m1_highway --------
L 04/23/2022 - 13:44:30: [optional/AnneHappy/l4d2_saferoom_item_remove.smx] Removed 0 saferoom item(s) (start: 0; end: 0).
L 04/23/2022 - 13:44:56: -------- Mapchange to c2m1_highway --------
L 04/23/2022 - 13:44:58: [optional/AnneHappy/l4d2_saferoom_item_remove.smx] Removed 0 saferoom item(s) (start: 0; end: 0).
L 04/23/2022 - 13:47:00: [optional/AnneHappy/l4d2_saferoom_item_remove.smx] Removed 0 saferoom item(s) (start: 0; end: 0).
L 04/23/2022 - 13:49:12: [optional/AnneHappy/l4d2_saferoom_item_remove.smx] Removed 0 saferoom item(s) (start: 0; end: 0).
L 04/23/2022 - 13:51:52: [optional/AnneHappy/l4d2_saferoom_item_remove.smx] Removed 0 saferoom item(s) (start: 0; end: 0).
L 04/23/2022 - 13:53:49: [optional/AnneHappy/l4d2_saferoom_item_remove.smx] Removed 0 saferoom item(s) (start: 0; end: 0).
L 04/23/2022 - 13:56:28: [optional/AnneHappy/l4d2_saferoom_item_remove.smx] Removed 0 saferoom item(s) (start: 0; end: 0).
L 04/23/2022 - 13:58:04: [optional/AnneHappy/l4d2_saferoom_item_remove.smx] Removed 0 saferoom item(s) (start: 0; end: 0).
L 04/23/2022 - 13:59:38: [optional/AnneHappy/l4d2_saferoom_item_remove.smx] Removed 0 saferoom item(s) (start: 0; end: 0).
L 04/23/2022 - 14:01:17: [optional/AnneHappy/l4d2_saferoom_item_remove.smx] Removed 0 saferoom item(s) (start: 0; end: 0).
L 04/23/2022 - 14:02:52: [optional/AnneHappy/l4d2_skill_detect.smx] Witch Crown Check: crown shot: 900, harrassed: 1 (full health: 1000 / drawthresh: 500 / oneshot 0)
L 04/23/2022 - 14:03:29: [optional/AnneHappy/l4d2_saferoom_item_remove.smx] Removed 0 saferoom item(s) (start: 0; end: 0).
L 04/23/2022 - 14:04:56: [optional/AnneHappy/l4d2_saferoom_item_remove.smx] Removed 0 saferoom item(s) (start: 0; end: 0).
L 04/23/2022 - 14:07:04: [optional/AnneHappy/l4d2_saferoom_item_remove.smx] Removed 0 saferoom item(s) (start: 0; end: 0).
L 04/23/2022 - 14:09:09: [optional/AnneHappy/l4d2_saferoom_item_remove.smx] Removed 0 saferoom item(s) (start: 0; end: 0).
L 04/23/2022 - 14:10:47: [optional/AnneHappy/l4d2_saferoom_item_remove.smx] Removed 0 saferoom item(s) (start: 0; end: 0).
L 04/23/2022 - 14:12:10: SourceMod log file session started (file "/root/l4d2/left4dead2/addons/sourcemod/logs/L20220423.log") (Version "1.11.0.6826")
L 04/23/2022 - 14:12:10: -------- Mapchange to c5m1_waterfront --------
L 04/23/2022 - 14:12:12: [optional/AnneHappy/l4d2_saferoom_item_remove.smx] Removed 0 saferoom item(s) (start: 0; end: 0).
L 04/23/2022 - 14:16:16: -------- Mapchange to ec01_outlets --------
L 04/23/2022 - 14:16:17: [optional/l4d2lib.smx] [MI] MapInfo for ec01_outlets is missing.
L 04/23/2022 - 14:16:17: [AnneHappy.smx] [MI] MapInfo for ec01_outlets is missing.
L 04/23/2022 - 14:16:17: [optional/AnneHappy/l4d2_saferoom_detect.smx] [SI] SaferoomInfo for ec01_outlets is missing.
L 04/23/2022 - 14:16:19: [optional/AnneHappy/l4d2_saferoom_item_remove.smx] Removed 0 saferoom item(s) (start: 0; end: 0).
L 04/23/2022 - 14:17:52: [optional/AnneHappy/l4d2_skill_detect.smx] Charge carry start: 6 - 4 -- time: 95.38
L 04/23/2022 - 14:17:57: [optional/AnneHappy/l4d2_skill_detect.smx] Checking charge victim: 6 - 4 - flags: 1 (alive? 1)
L 04/23/2022 - 14:19:00: SourceMod log file session started (file "/root/l4d2/left4dead2/addons/sourcemod/logs/L20220423.log") (Version "1.11.0.6826")
L 04/23/2022 - 14:19:00: -------- Mapchange to c5m1_waterfront --------
L 04/23/2022 - 14:19:02: [optional/AnneHappy/l4d2_saferoom_item_remove.smx] Removed 0 saferoom item(s) (start: 0; end: 0).
L 04/23/2022 - 15:08:24: -------- Mapchange to l4d_ihm01_forest --------
L 04/23/2022 - 15:08:26: [optional/AnneHappy/l4d2_saferoom_item_remove.smx] Removed 0 saferoom item(s) (start: 0; end: 0).
L 04/23/2022 - 16:43:00: SourceMod log file session started (file "/root/l4d2/left4dead2/addons/sourcemod/logs/L20220423.log") (Version "1.11.0.6826")
L 04/23/2022 - 16:43:00: -------- Mapchange to c5m1_waterfront --------
L 04/23/2022 - 16:43:01: [optional/AnneHappy/l4d2_saferoom_item_remove.smx] Removed 0 saferoom item(s) (start: 0; end: 0).
L 04/23/2022 - 16:43:02: SourceMod log file session started (file "/root/l4d2/left4dead2/addons/sourcemod/logs/L20220423.log") (Version "1.11.0.6826")
L 04/23/2022 - 16:43:02: -------- Mapchange to c5m1_waterfront --------
L 04/23/2022 - 16:43:03: [optional/AnneHappy/l4d2_saferoom_item_remove.smx] Removed 0 saferoom item(s) (start: 0; end: 0).
L 04/23/2022 - 16:49:47: -------- Mapchange to c5m1_waterfront --------
L 04/23/2022 - 16:49:49: [optional/AnneHappy/l4d2_saferoom_item_remove.smx] Removed 0 saferoom item(s) (start: 0; end: 0).
L 04/23/2022 - 16:50:30: -------- Mapchange to c2m1_highway --------
L 04/23/2022 - 16:50:32: [optional/AnneHappy/l4d2_saferoom_item_remove.smx] Removed 0 saferoom item(s) (start: 0; end: 0).
L 04/23/2022 - 16:52:46: SourceMod log file session started (file "/root/l4d2/left4dead2/addons/sourcemod/logs/L20220423.log") (Version "1.11.0.6826")
L 04/23/2022 - 16:52:46: -------- Mapchange to c5m1_waterfront --------
L 04/23/2022 - 16:52:48: [optional/AnneHappy/l4d2_saferoom_item_remove.smx] Removed 0 saferoom item(s) (start: 0; end: 0).
L 04/23/2022 - 17:13:16: -------- Mapchange to c5m1_waterfront --------
L 04/23/2022 - 17:13:18: [optional/AnneHappy/l4d2_saferoom_item_remove.smx] Removed 0 saferoom item(s) (start: 0; end: 0).
L 04/23/2022 - 17:13:50: -------- Mapchange to c5m1_waterfront --------
L 04/23/2022 - 17:13:52: [optional/AnneHappy/l4d2_saferoom_item_remove.smx] Removed 0 saferoom item(s) (start: 0; end: 0).
L 04/23/2022 - 17:14:24: -------- Mapchange to c2m1_highway --------
L 04/23/2022 - 17:14:27: [optional/AnneHappy/l4d2_saferoom_item_remove.smx] Removed 0 saferoom item(s) (start: 0; end: 0).
L 04/23/2022 - 17:18:08: [optional/AnneHappy/l4d2_saferoom_item_remove.smx] Removed 0 saferoom item(s) (start: 0; end: 0).
L 04/23/2022 - 17:24:47: [optional/AnneHappy/l4d2_saferoom_item_remove.smx] Removed 0 saferoom item(s) (start: 0; end: 0).
L 04/23/2022 - 17:29:39: [optional/AnneHappy/l4d2_saferoom_item_remove.smx] Removed 0 saferoom item(s) (start: 0; end: 0).
L 04/23/2022 - 17:34:29: [optional/AnneHappy/l4d2_skill_detect.smx] Witch Crown Check: crown shot: 956, harrassed: 0 (full health: 1000 / drawthresh: 500 / oneshot 1)
L 04/23/2022 - 17:36:12: [optional/AnneHappy/l4d2_saferoom_item_remove.smx] Removed 0 saferoom item(s) (start: 0; end: 0).
L 04/23/2022 - 17:40:56: [optional/AnneHappy/l4d2_saferoom_item_remove.smx] Removed 0 saferoom item(s) (start: 0; end: 0).
L 04/23/2022 - 17:45:42: [optional/AnneHappy/l4d2_saferoom_item_remove.smx] Removed 0 saferoom item(s) (start: 0; end: 0).
L 04/23/2022 - 17:46:55: [optional/AnneHappy/l4d2_skill_detect.smx] Witch Crown Check: crown shot: 979, harrassed: 0 (full health: 1000 / drawthresh: 500 / oneshot 1)
L 04/23/2022 - 17:48:30: [optional/AnneHappy/l4d2_skill_detect.smx] calarm trigger: caller 862 / activator 862 / delay: 0.00
L 04/23/2022 - 17:48:53: -------- Mapchange to c2m2_fairgrounds --------
L 04/23/2022 - 17:48:56: [optional/AnneHappy/l4d2_saferoom_item_remove.smx] Removed 0 saferoom item(s) (start: 0; end: 0).
L 04/23/2022 - 17:51:25: [optional/AnneHappy/l4d2_skill_detect.smx] Witch Crown Check: crown shot: 972, harrassed: 1 (full health: 1000 / drawthresh: 500 / oneshot 1)
L 04/23/2022 - 17:52:15: [optional/AnneHappy/l4d2_saferoom_item_remove.smx] Removed 0 saferoom item(s) (start: 0; end: 0).
L 04/23/2022 - 17:56:31: SourceMod log file session started (file "/root/l4d2/left4dead2/addons/sourcemod/logs/L20220423.log") (Version "1.11.0.6826")
L 04/23/2022 - 17:56:31: -------- Mapchange to c5m1_waterfront --------
L 04/23/2022 - 17:56:33: [optional/AnneHappy/l4d2_saferoom_item_remove.smx] Removed 0 saferoom item(s) (start: 0; end: 0).
L 04/23/2022 - 18:30:50: -------- Mapchange to c5m1_waterfront --------
L 04/23/2022 - 18:30:52: [optional/AnneHappy/l4d2_saferoom_item_remove.smx] Removed 0 saferoom item(s) (start: 0; end: 0).
L 04/23/2022 - 18:31:33: -------- Mapchange to c5m1_waterfront --------
L 04/23/2022 - 18:31:35: [optional/AnneHappy/l4d2_saferoom_item_remove.smx] Removed 0 saferoom item(s) (start: 0; end: 0).
L 04/23/2022 - 18:34:41: [optional/AnneHappy/l4d2_skill_detect.smx] Charge carry start: 2 - 1 -- time: 188.15
L 04/23/2022 - 18:34:44: [optional/AnneHappy/l4d2_skill_detect.smx] Checking charge victim: 2 - 1 - flags: 1 (alive? 1)
L 04/23/2022 - 18:35:03: [optional/AnneHappy/l4d2_skill_detect.smx] Witch Crown Check: crown shot: 940, harrassed: 0 (full health: 1000 / drawthresh: 500 / oneshot 1)
L 04/23/2022 - 18:35:28: [optional/AnneHappy/l4d2_saferoom_item_remove.smx] Removed 0 saferoom item(s) (start: 0; end: 0).
L 04/23/2022 - 18:36:03: [optional/AnneHappy/l4d2_skill_detect.smx] Charge carry start: 3 - 1 -- time: 270.39
L 04/23/2022 - 18:36:07: [optional/AnneHappy/l4d2_skill_detect.smx] Checking charge victim: 3 - 1 - flags: 1 (alive? 1)
L 04/23/2022 - 18:36:44: [optional/AnneHappy/l4d2_skill_detect.smx] Charge carry start: 2 - 1 -- time: 311.50
L 04/23/2022 - 18:36:47: [optional/AnneHappy/l4d2_skill_detect.smx] Checking charge victim: 2 - 1 - flags: 1 (alive? 1)
L 04/23/2022 - 18:36:58: [optional/AnneHappy/tankdoorfix.smx] Door bug circumvented.
L 04/23/2022 - 18:37:15: [optional/AnneHappy/l4d2_skill_detect.smx] Witch Crown Check: crown shot: 763, harrassed: 1 (full health: 1000 / drawthresh: 500 / oneshot 0)
L 04/23/2022 - 18:37:24: [optional/AnneHappy/l4d2_skill_detect.smx] Charge carry start: 2 - 1 -- time: 350.97
L 04/23/2022 - 18:37:27: [optional/AnneHappy/l4d2_skill_detect.smx] Checking charge victim: 2 - 1 - flags: 1 (alive? 1)
L 04/23/2022 - 18:37:56: -------- Mapchange to c5m2_park --------
L 04/23/2022 - 18:37:58: [optional/AnneHappy/l4d2_saferoom_item_remove.smx] Removed 0 saferoom item(s) (start: 0; end: 0).
L 04/23/2022 - 18:40:10: [optional/AnneHappy/l4d2_skill_detect.smx] Charge carry start: 4 - 1 -- time: 134.22
L 04/23/2022 - 18:40:10: [optional/AnneHappy/l4d2_skill_detect.smx] Clear: 1 freed 1 from 4: time: 0.00 / 0.02 -- class: charger (with shove? 0)
L 04/23/2022 - 18:40:13: [optional/AnneHappy/l4d2_skill_detect.smx] Checking charge victim: 4 - 1 - flags: 1 (alive? 1)
L 04/23/2022 - 18:40:30: [optional/AnneHappy/l4d2_skill_detect.smx] Charge carry start: 2 - 1 -- time: 154.33
L 04/23/2022 - 18:40:32: [optional/AnneHappy/l4d2_skill_detect.smx] Clear: 2 freed 1 from 2: time: 0.00 / 1.11 -- class: charger (with shove? 0)
L 04/23/2022 - 18:40:34: [optional/AnneHappy/l4d2_skill_detect.smx] Checking charge victim: 2 - 1 - flags: 1 (alive? 1)
L 04/23/2022 - 18:41:07: [optional/AnneHappy/l4d2_skill_detect.smx] Charge carry start: 3 - 1 -- time: 190.58
L 04/23/2022 - 18:41:07: [optional/AnneHappy/l4d2_skill_detect.smx] Clear: 3 freed 1 from 3: time: 0.00 / 0.37 -- class: charger (with shove? 0)
L 04/23/2022 - 18:41:10: [optional/AnneHappy/l4d2_skill_detect.smx] Checking charge victim: 3 - 1 - flags: 1 (alive? 1)
L 04/23/2022 - 18:41:14: [optional/AnneHappy/l4d2_skill_detect.smx] Charge carry start: 3 - 1 -- time: 197.86
L 04/23/2022 - 18:41:18: [optional/AnneHappy/l4d2_skill_detect.smx] Checking charge victim: 3 - 1 - flags: 1 (alive? 1)
L 04/23/2022 - 18:41:32: [optional/AnneHappy/l4d2_saferoom_item_remove.smx] Removed 0 saferoom item(s) (start: 0; end: 0).
L 04/23/2022 - 18:41:58: [optional/AnneHappy/l4d2_skill_detect.smx] Charge carry start: 3 - 1 -- time: 242.18
L 04/23/2022 - 18:42:02: [optional/AnneHappy/l4d2_skill_detect.smx] Checking charge victim: 3 - 1 - flags: 1 (alive? 1)
L 04/23/2022 - 18:43:05: [optional/AnneHappy/l4d2_saferoom_item_remove.smx] Removed 0 saferoom item(s) (start: 0; end: 0).
L 04/23/2022 - 18:43:32: [optional/AnneHappy/l4d2_skill_detect.smx] Charge carry start: 2 - 1 -- time: 335.76
L 04/23/2022 - 18:43:32: [optional/AnneHappy/l4d2_skill_detect.smx] Clear: 1 freed 1 from 2: time: 0.00 / 0.05 -- class: charger (with shove? 0)
L 04/23/2022 - 18:43:35: [optional/AnneHappy/l4d2_skill_detect.smx] Checking charge victim: 2 - 1 - flags: 1 (alive? 1)
L 04/23/2022 - 18:43:36: [optional/AnneHappy/l4d2_skill_detect.smx] Charge carry start: 2 - 1 -- time: 339.54
L 04/23/2022 - 18:43:36: [optional/AnneHappy/l4d2_skill_detect.smx] Clear: 1 freed 1 from 2: time: 0.00 / 0.02 -- class: charger (with shove? 0)
L 04/23/2022 - 18:43:39: [optional/AnneHappy/l4d2_skill_detect.smx] Checking charge victim: 2 - 1 - flags: 1 (alive? 1)
L 04/23/2022 - 18:44:57: [optional/AnneHappy/l4d2_skill_detect.smx] Charge carry start: 4 - 1 -- time: 421.04
L 04/23/2022 - 18:45:00: [optional/AnneHappy/l4d2_skill_detect.smx] Checking charge victim: 4 - 1 - flags: 1 (alive? 1)
L 04/23/2022 - 18:45:46: [optional/AnneHappy/l4d2_skill_detect.smx] Charge carry start: 3 - 1 -- time: 470.23
L 04/23/2022 - 18:45:46: [optional/AnneHappy/l4d2_skill_detect.smx] Clear: 1 freed 1 from 3: time: 0.00 / 0.01 -- class: charger (with shove? 0)
L 04/23/2022 - 18:45:49: [optional/AnneHappy/l4d2_skill_detect.smx] Checking charge victim: 3 - 1 - flags: 1 (alive? 1)
L 04/23/2022 - 18:47:11: [optional/AnneHappy/l4d2_saferoom_item_remove.smx] Removed 0 saferoom item(s) (start: 0; end: 0).
L 04/23/2022 - 18:48:05: [optional/AnneHappy/l4d2_skill_detect.smx] Charge carry start: 2 - 1 -- time: 609.22
L 04/23/2022 - 18:48:06: [optional/AnneHappy/l4d2_skill_detect.smx] Clear: 2 freed 1 from 2: time: 0.00 / 0.96 -- class: charger (with shove? 0)
L 04/23/2022 - 18:48:09: [optional/AnneHappy/l4d2_skill_detect.smx] Checking charge victim: 2 - 1 - flags: 1 (alive? 1)
L 04/23/2022 - 18:48:44: [optional/AnneHappy/l4d2_skill_detect.smx] Charge carry start: 3 - 1 -- time: 648.17
L 04/23/2022 - 18:48:48: [optional/AnneHappy/l4d2_skill_detect.smx] Checking charge victim: 3 - 1 - flags: 1 (alive? 1)
L 04/23/2022 - 18:50:04: [optional/AnneHappy/l4d2_skill_detect.smx] Charge carry start: 2 - 1 -- time: 727.40
L 04/23/2022 - 18:50:07: [optional/AnneHappy/l4d2_skill_detect.smx] Checking charge victim: 2 - 1 - flags: 1 (alive? 1)
L 04/23/2022 - 18:50:11: [optional/AnneHappy/l4d2_skill_detect.smx] Charge carry start: 3 - 1 -- time: 734.36
L 04/23/2022 - 18:50:14: [optional/AnneHappy/l4d2_skill_detect.smx] Checking charge victim: 3 - 1 - flags: 1 (alive? 1)
L 04/23/2022 - 18:51:12: SourceMod log file session started (file "/root/l4d2/left4dead2/addons/sourcemod/logs/L20220423.log") (Version "1.11.0.6826")
L 04/23/2022 - 18:51:13: -------- Mapchange to c5m1_waterfront --------
L 04/23/2022 - 18:51:14: [optional/AnneHappy/l4d2_saferoom_item_remove.smx] Removed 0 saferoom item(s) (start: 0; end: 0).
L 04/23/2022 - 19:08:56: -------- Mapchange to bhm1_outskirts --------
L 04/23/2022 - 19:08:57: [optional/l4d2lib.smx] [MI] MapInfo for bhm1_outskirts is missing.
L 04/23/2022 - 19:08:57: [AnneHappy.smx] [MI] MapInfo for bhm1_outskirts is missing.
L 04/23/2022 - 19:08:57: [optional/AnneHappy/l4d2_saferoom_detect.smx] [SI] SaferoomInfo for bhm1_outskirts is missing.
L 04/23/2022 - 19:08:59: [optional/AnneHappy/l4d2_saferoom_item_remove.smx] Removed 0 saferoom item(s) (start: 0; end: 0).
L 04/23/2022 - 19:12:26: SourceMod log file session started (file "/root/l4d2/left4dead2/addons/sourcemod/logs/L20220423.log") (Version "1.11.0.6826")
L 04/23/2022 - 19:12:26: -------- Mapchange to c5m1_waterfront --------
L 04/23/2022 - 19:12:28: [optional/AnneHappy/l4d2_saferoom_item_remove.smx] Removed 0 saferoom item(s) (start: 0; end: 0).
L 04/23/2022 - 19:30:46: -------- Mapchange to c5m1_waterfront --------
L 04/23/2022 - 19:30:48: [optional/AnneHappy/l4d2_saferoom_item_remove.smx] Removed 0 saferoom item(s) (start: 0; end: 0).
L 04/23/2022 - 19:31:29: -------- Mapchange to c5m1_waterfront --------
L 04/23/2022 - 19:31:31: [optional/AnneHappy/l4d2_saferoom_item_remove.smx] Removed 0 saferoom item(s) (start: 0; end: 0).
L 04/23/2022 - 19:32:42: [optional/AnneHappy/l4d2_skill_detect.smx] Clear: 2 freed 2 from 3: time: -1.00 / 0.95 -- class: smoker (with shove? 1)
L 04/23/2022 - 19:33:46: SourceMod log file session started (file "/root/l4d2/left4dead2/addons/sourcemod/logs/L20220423.log") (Version "1.11.0.6826")
L 04/23/2022 - 19:33:46: -------- Mapchange to c5m1_waterfront --------
L 04/23/2022 - 19:33:48: [optional/AnneHappy/l4d2_saferoom_item_remove.smx] Removed 0 saferoom item(s) (start: 0; end: 0).
L 04/23/2022 - 19:37:55: -------- Mapchange to highway01_apt_20130613 --------
L 04/23/2022 - 19:37:56: [optional/AnneHappy/l4d2_saferoom_detect.smx] [SI] SaferoomInfo for highway01_apt_20130613 is missing.
L 04/23/2022 - 19:37:58: [optional/AnneHappy/l4d2_saferoom_item_remove.smx] Removed 0 saferoom item(s) (start: 0; end: 0).
L 04/23/2022 - 19:38:49: [optional/AnneHappy/l4d2_skill_detect.smx] Clear: 5 freed 1 from 3: time: 2.98 / -1.00 -- class: hunter (with shove? 0)
L 04/23/2022 - 19:38:57: [optional/AnneHappy/l4d2_skill_detect.smx] Clear: 4 freed 5 from 10: time: 0.95 / -1.00 -- class: hunter (with shove? 1)
L 04/23/2022 - 19:39:00: [optional/AnneHappy/l4d2_skill_detect.smx] Clear: 5 freed 4 from 10: time: 1.60 / -1.00 -- class: hunter (with shove? 0)
L 04/23/2022 - 19:39:17: [optional/AnneHappy/l4d2_skill_detect.smx] Charge carry start: 9 - 4 -- time: 81.11
L 04/23/2022 - 19:39:18: [optional/AnneHappy/l4d2_skill_detect.smx] Clear: 5 freed 5 from 7: time: -1.00 / 0.90 -- class: smoker (with shove? 1)
L 04/23/2022 - 19:39:19: [optional/AnneHappy/l4d2_skill_detect.smx] Clear: 0 freed 4 from 9: time: 0.62 / 2.59 -- class: charger (with shove? 0)
L 04/23/2022 - 19:39:21: [optional/AnneHappy/l4d2_skill_detect.smx] Checking charge victim: 9 - 4 - flags: 17 (alive? 1)
L 04/23/2022 - 19:39:22: [optional/AnneHappy/l4d2_skill_detect.smx] Clear: 5 freed 5 from 7: time: -1.00 / 0.27 -- class: smoker (with shove? 1)
L 04/23/2022 - 19:39:24: [optional/AnneHappy/l4d2_skill_detect.smx] Checking charge victim: 9 - 4 - flags: 275 (alive? 0)
L 04/23/2022 - 19:40:00: [optional/AnneHappy/l4d2_skill_detect.smx] Charge carry start: 7 - 1 -- time: 124.54
L 04/23/2022 - 19:40:04: [optional/AnneHappy/l4d2_skill_detect.smx] Checking charge victim: 7 - 1 - flags: 1 (alive? 1)
L 04/23/2022 - 19:40:04: [optional/AnneHappy/l4d2_skill_detect.smx] Clear: 5 freed 2 from 6: time: 2.36 / -1.00 -- class: hunter (with shove? 0)
L 04/23/2022 - 19:40:09: [optional/AnneHappy/l4d2_skill_detect.smx] Clear: 5 freed 1 from 8: time: 5.58 / -1.00 -- class: jockey (with shove? 1)
L 04/23/2022 - 19:40:31: [optional/AnneHappy/l4d2_skill_detect.smx] Clear: 2 freed 1 from 3: time: 2.37 / -1.00 -- class: hunter (with shove? 0)
L 04/23/2022 - 19:40:38: [optional/AnneHappy/l4d2_skill_detect.smx] Clear: 2 freed 5 from 8: time: 8.25 / 9.72 -- class: smoker (with shove? 0)
L 04/23/2022 - 19:40:59: [optional/AnneHappy/l4d2_saferoom_item_remove.smx] Removed 0 saferoom item(s) (start: 0; end: 0).
L 04/23/2022 - 19:43:06: [optional/AnneHappy/l4d2_skill_detect.smx] Clear: 5 freed 3 from 8: time: 3.97 / -1.00 -- class: jockey (with shove? 1)
L 04/23/2022 - 19:43:20: [optional/AnneHappy/l4d2_skill_detect.smx] Clear: 4 freed 3 from 6: time: 1.47 / -1.00 -- class: jockey (with shove? 0)
L 04/23/2022 - 19:43:34: [optional/AnneHappy/l4d2_skill_detect.smx] Clear: 3 freed 4 from 6: time: 3.63 / 6.91 -- class: smoker (with shove? 1)
L 04/23/2022 - 19:43:39: [optional/AnneHappy/l4d2_skill_detect.smx] Clear: 5 freed 3 from 8: time: 3.94 / -1.00 -- class: hunter (with shove? 1)
L 04/23/2022 - 19:43:58: [optional/AnneHappy/l4d2_skill_detect.smx] Clear: 5 freed 4 from 9: time: 1.26 / -1.00 -- class: hunter (with shove? 1)
L 04/23/2022 - 19:44:02: [optional/AnneHappy/l4d2_skill_detect.smx] Clear: 4 freed 5 from 8: time: 0.92 / -1.00 -- class: hunter (with shove? 0)
L 04/23/2022 - 19:44:08: [optional/AnneHappy/l4d2_skill_detect.smx] Clear: 4 freed 3 from 6: time: 8.69 / 9.73 -- class: smoker (with shove? 0)
L 04/23/2022 - 19:45:04: SourceMod log file session started (file "/root/l4d2/left4dead2/addons/sourcemod/logs/L20220423.log") (Version "1.11.0.6826")
L 04/23/2022 - 19:45:04: -------- Mapchange to c5m1_waterfront --------
L 04/23/2022 - 19:45:05: [optional/AnneHappy/l4d2_saferoom_item_remove.smx] Removed 0 saferoom item(s) (start: 0; end: 0).
L 04/23/2022 - 20:11:42: -------- Mapchange to l4d_tbm_1 --------
L 04/23/2022 - 20:11:45: [optional/AnneHappy/l4d2_saferoom_item_remove.smx] Removed 0 saferoom item(s) (start: 0; end: 0).
L 04/23/2022 - 20:12:41: [optional/AnneHappy/l4d2_skill_detect.smx] Clear: 2 freed 4 from 5: time: 3.02 / -1.00 -- class: hunter (with shove? 1)
L 04/23/2022 - 20:12:51: [optional/AnneHappy/l4d2_skill_detect.smx] Clear: 4 freed 2 from 5: time: 7.25 / -1.00 -- class: hunter (with shove? 0)
L 04/23/2022 - 20:13:28: SourceMod log file session started (file "/root/l4d2/left4dead2/addons/sourcemod/logs/L20220423.log") (Version "1.11.0.6826")
L 04/23/2022 - 20:13:28: -------- Mapchange to c5m1_waterfront --------
L 04/23/2022 - 20:13:30: [optional/AnneHappy/l4d2_saferoom_item_remove.smx] Removed 0 saferoom item(s) (start: 0; end: 0).
L 04/23/2022 - 20:18:42: -------- Mapchange to c5m1_waterfront --------
L 04/23/2022 - 20:18:44: [optional/AnneHappy/l4d2_saferoom_item_remove.smx] Removed 0 saferoom item(s) (start: 0; end: 0).
L 04/23/2022 - 20:20:12: [optional/AnneHappy/l4d2_skill_detect.smx] Clear: 3 freed 4 from 6: time: 1.50 / -1.00 -- class: hunter (with shove? 0)
L 04/23/2022 - 20:20:25: [optional/AnneHappy/l4d2_skill_detect.smx] Clear: 2 freed 1 from 5: time: 0.35 / -1.00 -- class: hunter (with shove? 0)
L 04/23/2022 - 20:20:26: [optional/AnneHappy/l4d2_skill_detect.smx] Clear: 4 freed 3 from 8: time: 1.01 / -1.00 -- class: hunter (with shove? 1)
L 04/23/2022 - 20:20:28: [optional/AnneHappy/l4d2_skill_detect.smx] Clear: 2 freed 4 from 8: time: 0.73 / -1.00 -- class: hunter (with shove? 0)
L 04/23/2022 - 20:20:54: [optional/AnneHappy/l4d2_skill_detect.smx] Witch Crown Check: Failed: bungled: 0 / crowntype: 0 (entity: 386)
L 04/23/2022 - 20:20:54: [optional/AnneHappy/l4d2_skill_detect.smx] Witch Crown Check: Further details: attacker: Cyrus, attacker dmg: 750, teamless dmg: 0
L 04/23/2022 - 20:21:17: [optional/AnneHappy/tankdoorfix.smx] Door bug circumvented.
L 04/23/2022 - 20:21:53: [optional/AnneHappy/l4d2_saferoom_item_remove.smx] Removed 0 saferoom item(s) (start: 0; end: 0).
L 04/23/2022 - 20:24:13: -------- Mapchange to c5m1_waterfront --------
L 04/23/2022 - 20:24:15: [optional/AnneHappy/l4d2_saferoom_item_remove.smx] Removed 0 saferoom item(s) (start: 0; end: 0).
L 04/23/2022 - 20:24:25: SourceMod log file session started (file "/root/l4d2/left4dead2/addons/sourcemod/logs/L20220423.log") (Version "1.11.0.6826")
L 04/23/2022 - 20:24:25: -------- Mapchange to c5m1_waterfront --------
L 04/23/2022 - 20:24:26: [optional/AnneHappy/l4d2_saferoom_item_remove.smx] Removed 0 saferoom item(s) (start: 0; end: 0).
L 04/23/2022 - 20:26:24: [optional/AnneHappy/l4d2_skill_detect.smx] Charge carry start: 7 - 5 -- time: 130.94
L 04/23/2022 - 20:26:28: [optional/AnneHappy/l4d2_skill_detect.smx] Checking charge victim: 7 - 5 - flags: 1 (alive? 1)
L 04/23/2022 - 20:26:28: [optional/AnneHappy/l4d2_skill_detect.smx] Checking charge victim: 7 - 4 - flags: 0 (alive? 1)
L 04/23/2022 - 20:26:34: [optional/AnneHappy/l4d2_skill_detect.smx] Clear: 4 freed 3 from 8: time: 10.65 / -1.00 -- class: hunter (with shove? 1)
L 04/23/2022 - 20:26:35: [optional/AnneHappy/l4d2_skill_detect.smx] Clear: 4 freed 3 from 8: time: 11.43 / -1.00 -- class: hunter (with shove? 1)
L 04/23/2022 - 20:26:39: [optional/AnneHappy/l4d2_skill_detect.smx] Clear: 4 freed 3 from 2: time: 1.64 / -1.00 -- class: jockey (with shove? 0)
L 04/23/2022 - 20:26:42: [optional/AnneHappy/l4d2_skill_detect.smx] Clear: 3 freed 4 from 8: time: 2.41 / -1.00 -- class: hunter (with shove? 0)
L 04/23/2022 - 20:27:15: SourceMod log file session started (file "/root/l4d2/left4dead2/addons/sourcemod/logs/L20220423.log") (Version "1.11.0.6826")
L 04/23/2022 - 20:27:15: -------- Mapchange to c5m1_waterfront --------
L 04/23/2022 - 20:27:17: [optional/AnneHappy/l4d2_saferoom_item_remove.smx] Removed 0 saferoom item(s) (start: 0; end: 0).
L 04/23/2022 - 20:29:53: -------- Mapchange to srocchurch --------
L 04/23/2022 - 20:29:55: [optional/AnneHappy/l4d2_saferoom_item_remove.smx] Removed 0 saferoom item(s) (start: 0; end: 0).
L 04/23/2022 - 20:30:42: -------- Mapchange to c5m1_waterfront --------
L 04/23/2022 - 20:30:44: [optional/AnneHappy/l4d2_saferoom_item_remove.smx] Removed 0 saferoom item(s) (start: 0; end: 0).
L 04/23/2022 - 20:31:44: [optional/AnneHappy/l4d2_skill_detect.smx] Clear: 3 freed 4 from 10: time: 2.10 / 3.12 -- class: smoker (with shove? 1)
L 04/23/2022 - 20:31:59: [optional/AnneHappy/l4d2_skill_detect.smx] Clear: 3 freed 1 from 5: time: 14.83 / -1.00 -- class: hunter (with shove? 0)
L 04/23/2022 - 20:32:10: [optional/AnneHappy/l4d2_skill_detect.smx] Charge carry start: 6 - 3 -- time: 87.73
L 04/23/2022 - 20:32:10: [optional/AnneHappy/l4d2_skill_detect.smx] Clear: 4 freed 3 from 6: time: 0.00 / 0.02 -- class: charger (with shove? 0)
L 04/23/2022 - 20:32:13: [optional/AnneHappy/l4d2_skill_detect.smx] Checking charge victim: 6 - 3 - flags: 1 (alive? 1)
L 04/23/2022 - 20:32:20: [optional/AnneHappy/l4d2_skill_detect.smx] Clear: 4 freed 3 from 9: time: 5.47 / -1.00 -- class: hunter (with shove? 1)
L 04/23/2022 - 20:32:21: [optional/AnneHappy/l4d2_skill_detect.smx] Clear: 4 freed 2 from 7: time: 6.90 / -1.00 -- class: hunter (with shove? 1)
L 04/23/2022 - 20:32:23: [optional/AnneHappy/l4d2_skill_detect.smx] Clear: 2 freed 4 from 9: time: 1.63 / -1.00 -- class: hunter (with shove? 1)
L 04/23/2022 - 20:32:29: [optional/AnneHappy/l4d2_skill_detect.smx] Clear: 4 freed 2 from 9: time: 4.76 / -1.00 -- class: hunter (with shove? 0)
L 04/23/2022 - 20:32:30: [optional/AnneHappy/l4d2_skill_detect.smx] Clear: 4 freed 3 from 7: time: 5.92 / -1.00 -- class: hunter (with shove? 1)
L 04/23/2022 - 20:32:38: [optional/AnneHappy/l4d2_skill_detect.smx] Clear: 2 freed 3 from 11: time: 2.34 / -1.00 -- class: jockey (with shove? 0)
L 04/23/2022 - 20:32:54: [optional/AnneHappy/l4d2_skill_detect.smx] Clear: 4 freed 3 from 8: time: -1.00 / 1.36 -- class: smoker (with shove? 1)
L 04/23/2022 - 20:32:55: [optional/AnneHappy/l4d2_skill_detect.smx] Charge carry start: 5 - 4 -- time: 133.42
L 04/23/2022 - 20:32:58: [optional/AnneHappy/l4d2_skill_detect.smx] Checking charge victim: 5 - 4 - flags: 1 (alive? 1)
L 04/23/2022 - 20:33:09: [optional/AnneHappy/l4d2_skill_detect.smx] Clear: 2 freed 3 from 10: time: 12.98 / -1.00 -- class: hunter (with shove? 1)
L 04/23/2022 - 20:33:12: [optional/AnneHappy/l4d2_skill_detect.smx] Charge carry start: 5 - 2 -- time: 150.42
L 04/23/2022 - 20:33:16: [optional/AnneHappy/l4d2_skill_detect.smx] Checking charge victim: 5 - 2 - flags: 1 (alive? 1)
L 04/23/2022 - 20:33:20: SourceMod log file session started (file "/root/l4d2/left4dead2/addons/sourcemod/logs/L20220423.log") (Version "1.11.0.6826")
L 04/23/2022 - 20:33:20: -------- Mapchange to c5m1_waterfront --------
L 04/23/2022 - 20:33:22: [optional/AnneHappy/l4d2_saferoom_item_remove.smx] Removed 0 saferoom item(s) (start: 0; end: 0).
L 04/23/2022 - 20:33:25: [optional/AnneHappy/l4d2_saferoom_item_remove.smx] Removed 0 saferoom item(s) (start: 0; end: 0).
L 04/23/2022 - 20:33:37: [optional/AnneHappy/l4d2_skill_detect.smx] Clear: 4 freed 1 from 5: time: -1.00 / 4.19 -- class: smoker (with shove? 1)
L 04/23/2022 - 20:33:45: [optional/AnneHappy/l4d2_skill_detect.smx] Clear: 3 freed 4 from 10: time: 8.30 / -1.00 -- class: hunter (with shove? 1)
L 04/23/2022 - 20:33:47: [optional/AnneHappy/l4d2_skill_detect.smx] Clear: 2 freed 1 from 9: time: 7.46 / 184.55 -- class: charger (with shove? 0)
L 04/23/2022 - 20:33:51: [optional/AnneHappy/l4d2_skill_detect.smx] Clear: 2 freed 4 from 10: time: 1.25 / -1.00 -- class: hunter (with shove? 0)
L 04/23/2022 - 20:34:27: [optional/AnneHappy/l4d2_skill_detect.smx] calarm trigger: caller 540 / activator 540 / delay: 0.00
L 04/23/2022 - 20:34:45: [optional/AnneHappy/l4d2_saferoom_item_remove.smx] Removed 0 saferoom item(s) (start: 0; end: 0).
L 04/23/2022 - 20:34:58: [optional/AnneHappy/l4d2_skill_detect.smx] Clear: 3 freed 4 from 8: time: -1.00 / 1.05 -- class: smoker (with shove? 1)
L 04/23/2022 - 20:34:58: [optional/AnneHappy/l4d2_skill_detect.smx] Clear: 2 freed 4 from 10: time: 0.22 / -1.00 -- class: jockey (with shove? 1)
L 04/23/2022 - 20:35:00: [optional/AnneHappy/l4d2_skill_detect.smx] Clear: 0 freed 3 from 9: time: 257.47 / -1.00 -- class: jockey (with shove? 0)
L 04/23/2022 - 20:35:48: [optional/AnneHappy/l4d2_skill_detect.smx] Clear: 4 freed 2 from 9: time: 11.01 / 14.29 -- class: smoker (with shove? 0)
L 04/23/2022 - 20:36:37: [optional/AnneHappy/l4d2_saferoom_item_remove.smx] Removed 0 saferoom item(s) (start: 0; end: 0).
L 04/23/2022 - 20:37:35: [optional/AnneHappy/l4d2_saferoom_item_remove.smx] Removed 0 saferoom item(s) (start: 0; end: 0).
L 04/23/2022 - 20:37:49: [optional/AnneHappy/l4d2_skill_detect.smx] Clear: 2 freed 5 from 9: time: 3.76 / -1.00 -- class: jockey (with shove? 1)
L 04/23/2022 - 20:37:54: [optional/AnneHappy/l4d2_skill_detect.smx] Clear: 2 freed 5 from 8: time: 1.69 / -1.00 -- class: hunter (with shove? 1)
L 04/23/2022 - 20:38:00: [optional/AnneHappy/l4d2_skill_detect.smx] Clear: 4 freed 2 from 3: time: 5.77 / -1.00 -- class: hunter (with shove? 0)
L 04/23/2022 - 20:38:20: [optional/AnneHappy/l4d2_skill_detect.smx] Clear: 2 freed 4 from 8: time: 8.82 / -1.00 -- class: jockey (with shove? 0)
L 04/23/2022 - 20:38:24: [optional/AnneHappy/l4d2_skill_detect.smx] Clear: 2 freed 4 from 9: time: 0.89 / 462.22 -- class: charger (with shove? 0)
L 04/23/2022 - 20:38:38: [optional/AnneHappy/l4d2_skill_detect.smx] Clear: 2 freed 4 from 9: time: 0.77 / -1.00 -- class: hunter (with shove? 0)
L 04/23/2022 - 20:39:34: -------- Mapchange to c5m2_park --------
L 04/23/2022 - 20:39:37: [optional/AnneHappy/l4d2_saferoom_item_remove.smx] Removed 0 saferoom item(s) (start: 0; end: 0).
L 04/23/2022 - 20:41:41: SourceMod log file session started (file "/root/l4d2/left4dead2/addons/sourcemod/logs/L20220423.log") (Version "1.11.0.6826")
L 04/23/2022 - 20:41:41: -------- Mapchange to c5m1_waterfront --------
L 04/23/2022 - 20:41:43: [optional/AnneHappy/l4d2_saferoom_item_remove.smx] Removed 0 saferoom item(s) (start: 0; end: 0).
L 04/23/2022 - 21:21:16: -------- Mapchange to l4d_ihm05_lakeside --------
L 04/23/2022 - 21:21:20: [optional/AnneHappy/l4d2_saferoom_item_remove.smx] Removed 0 saferoom item(s) (start: 0; end: 0).
L 04/23/2022 - 21:22:20: [optional/AnneHappy/l4d2_skill_detect.smx] Charge carry start: 10 - 3 -- time: 61.77
L 04/23/2022 - 21:22:24: [optional/AnneHappy/l4d2_skill_detect.smx] Checking charge victim: 10 - 3 - flags: 1 (alive? 1)
L 04/23/2022 - 21:22:28: [optional/AnneHappy/l4d2_skill_detect.smx] Clear: 2 freed 1 from 7: time: 1.76 / -1.00 -- class: hunter (with shove? 1)
L 04/23/2022 - 21:22:34: [optional/AnneHappy/l4d2_skill_detect.smx] Clear: 4 freed 1 from 8: time: 3.40 / -1.00 -- class: hunter (with shove? 0)
L 04/23/2022 - 21:22:38: [optional/AnneHappy/l4d2_skill_detect.smx] Clear: 1 freed 2 from 7: time: 8.56 / -1.00 -- class: hunter (with shove? 0)
L 04/23/2022 - 21:22:50: [optional/AnneHappy/l4d2_skill_detect.smx] Clear: 1 freed 4 from 11: time: 3.00 / -1.00 -- class: jockey (with shove? 1)
L 04/23/2022 - 21:22:54: [optional/AnneHappy/l4d2_skill_detect.smx] Clear: 6 freed 1 from 9: time: 2.63 / -1.00 -- class: hunter (with shove? 1)
L 04/23/2022 - 21:23:03: [optional/AnneHappy/l4d2_skill_detect.smx] Clear: 3 freed 5 from 9: time: 6.83 / -1.00 -- class: hunter (with shove? 1)
L 04/23/2022 - 21:25:59: SourceMod log file session started (file "/root/l4d2/left4dead2/addons/sourcemod/logs/L20220423.log") (Version "1.11.0.6826")
L 04/23/2022 - 21:25:59: -------- Mapchange to c5m1_waterfront --------
L 04/23/2022 - 21:26:01: [optional/AnneHappy/l4d2_saferoom_item_remove.smx] Removed 0 saferoom item(s) (start: 0; end: 0).
L 04/23/2022 - 21:42:22: SourceMod log file session started (file "/root/l4d2/left4dead2/addons/sourcemod/logs/L20220423.log") (Version "1.11.0.6826")
L 04/23/2022 - 21:42:22: -------- Mapchange to c5m1_waterfront --------
L 04/23/2022 - 21:42:24: [optional/AnneHappy/l4d2_saferoom_item_remove.smx] Removed 0 saferoom item(s) (start: 0; end: 0).
L 04/23/2022 - 21:43:14: SourceMod log file session started (file "/root/l4d2/left4dead2/addons/sourcemod/logs/L20220423.log") (Version "1.11.0.6826")
L 04/23/2022 - 21:43:14: -------- Mapchange to c5m1_waterfront --------
L 04/23/2022 - 21:43:16: [optional/AnneHappy/l4d2_saferoom_item_remove.smx] Removed 0 saferoom item(s) (start: 0; end: 0).
L 04/23/2022 - 22:12:18: -------- Mapchange to ec01_outlets --------
L 04/23/2022 - 22:12:20: [optional/l4d2lib.smx] [MI] MapInfo for ec01_outlets is missing.
L 04/23/2022 - 22:12:20: [AnneHappy.smx] [MI] MapInfo for ec01_outlets is missing.
L 04/23/2022 - 22:12:20: [optional/AnneHappy/l4d2_saferoom_detect.smx] [SI] SaferoomInfo for ec01_outlets is missing.
L 04/23/2022 - 22:12:21: [optional/AnneHappy/l4d2_saferoom_item_remove.smx] Removed 0 saferoom item(s) (start: 0; end: 0).
L 04/23/2022 - 22:13:38: [optional/AnneHappy/l4d2_skill_detect.smx] Clear: 4 freed 5 from 10: time: 1.15 / -1.00 -- class: hunter (with shove? 0)
L 04/23/2022 - 22:13:42: [optional/AnneHappy/l4d2_skill_detect.smx] Clear: 4 freed 1 from 8: time: 1.05 / -1.00 -- class: hunter (with shove? 0)
L 04/23/2022 - 22:14:02: [optional/AnneHappy/l4d2_skill_detect.smx] Charge carry start: 3 - 4 -- time: 103.14
L 04/23/2022 - 22:14:04: [optional/AnneHappy/l4d2_skill_detect.smx] Clear: 2 freed 1 from 7: time: 1.65 / -1.00 -- class: hunter (with shove? 1)
L 04/23/2022 - 22:14:05: [optional/AnneHappy/l4d2_skill_detect.smx] Checking charge victim: 3 - 4 - flags: 1 (alive? 1)
L 04/23/2022 - 22:14:06: [optional/AnneHappy/l4d2_skill_detect.smx] Checking charge victim: 3 - 5 - flags: 0 (alive? 1)
L 04/23/2022 - 22:14:11: [optional/AnneHappy/l4d2_skill_detect.smx] Clear: 11 freed 4 from 3: time: 7.45 / 8.58 -- class: charger (with shove? 0)
L 04/23/2022 - 22:14:44: SourceMod log file session started (file "/root/l4d2/left4dead2/addons/sourcemod/logs/L20220423.log") (Version "1.11.0.6826")
L 04/23/2022 - 22:14:44: -------- Mapchange to c5m1_waterfront --------
L 04/23/2022 - 22:14:46: [optional/AnneHappy/l4d2_saferoom_item_remove.smx] Removed 0 saferoom item(s) (start: 0; end: 0).
L 04/23/2022 - 22:34:30: -------- Mapchange to c5m1_waterfront --------
L 04/23/2022 - 22:34:32: [optional/AnneHappy/l4d2_saferoom_item_remove.smx] Removed 0 saferoom item(s) (start: 0; end: 0).
L 04/23/2022 - 22:35:21: [optional/AnneHappy/l4d2_skill_detect.smx] Clear: 1 freed 4 from 6: time: -1.00 / 1.83 -- class: smoker (with shove? 0)
L 04/23/2022 - 22:35:21: [optional/AnneHappy/l4d2_skill_detect.smx] Charge carry start: 9 - 2 -- time: 51.09
L 04/23/2022 - 22:35:25: [optional/AnneHappy/l4d2_skill_detect.smx] Checking charge victim: 9 - 2 - flags: 1 (alive? 1)
L 04/23/2022 - 22:35:45: [optional/AnneHappy/l4d2_skill_detect.smx] Charge carry start: 7 - 3 -- time: 74.59
L 04/23/2022 - 22:35:48: [optional/AnneHappy/l4d2_skill_detect.smx] Checking charge victim: 7 - 3 - flags: 1 (alive? 1)
L 04/23/2022 - 22:35:49: [optional/AnneHappy/l4d2_skill_detect.smx] Checking charge victim: 7 - 2 - flags: 0 (alive? 1)
L 04/23/2022 - 22:35:54: [optional/AnneHappy/l4d2_skill_detect.smx] Clear: 4 freed 1 from 10: time: 0.96 / -1.00 -- class: hunter (with shove? 1)
L 04/23/2022 - 22:36:19: -------- Mapchange to grmap1 --------
L 04/23/2022 - 22:36:19: [optional/AnneHappy/l4d2_skill_detect.smx] Clear: 4 freed 3 from 11: time: 1.43 / -1.00 -- class: hunter (with shove? 1)
L 04/23/2022 - 22:36:20: [optional/l4d2lib.smx] [MI] MapInfo for grmap1 is missing.
L 04/23/2022 - 22:36:20: [AnneHappy.smx] [MI] MapInfo for grmap1 is missing.
L 04/23/2022 - 22:36:20: [optional/AnneHappy/l4d2_saferoom_detect.smx] [SI] SaferoomInfo for grmap1 is missing.
L 04/23/2022 - 22:36:22: [optional/AnneHappy/l4d2_saferoom_item_remove.smx] Removed 0 saferoom item(s) (start: 0; end: 0).
L 04/23/2022 - 22:36:36: [optional/AnneHappy/l4d2_saferoom_item_remove.smx] Removed 0 saferoom item(s) (start: 0; end: 0).
L 04/23/2022 - 22:36:58: [optional/AnneHappy/l4d2_skill_detect.smx] Clear: 1 freed 4 from 5: time: 3.05 / -1.00 -- class: hunter (with shove? 0)
L 04/23/2022 - 22:37:02: [optional/AnneHappy/l4d2_skill_detect.smx] Clear: 1 freed 2 from 10: time: 3.83 / -1.00 -- class: hunter (with shove? 0)
L 04/23/2022 - 22:37:17: [optional/AnneHappy/l4d2_skill_detect.smx] Clear: 3 freed 4 from 6: time: 4.00 / 167.05 -- class: charger (with shove? 0)
L 04/23/2022 - 22:37:18: [optional/AnneHappy/l4d2_skill_detect.smx] Clear: 1 freed 4 from 9: time: 0.61 / -1.00 -- class: hunter (with shove? 0)
L 04/23/2022 - 22:37:31: [optional/AnneHappy/l4d2_skill_detect.smx] Clear: 3 freed 4 from 9: time: 3.02 / -1.00 -- class: hunter (with shove? 0)
L 04/23/2022 - 22:37:35: [optional/AnneHappy/l4d2_skill_detect.smx] Clear: 1 freed 4 from 6: time: 1.81 / -1.00 -- class: jockey (with shove? 0)
L 04/23/2022 - 22:37:38: [optional/AnneHappy/l4d2_skill_detect.smx] Clear: 1 freed 3 from 7: time: 2.44 / -1.00 -- class: hunter (with shove? 0)
L 04/23/2022 - 22:37:40: [optional/AnneHappy/l4d2_skill_detect.smx] Clear: 3 freed 4 from 5: time: 0.90 / -1.00 -- class: hunter (with shove? 0)
L 04/23/2022 - 22:37:43: [optional/AnneHappy/l4d2_skill_detect.smx] Clear: 1 freed 2 from 10: time: 1.47 / -1.00 -- class: hunter (with shove? 0)
L 04/23/2022 - 22:37:49: [optional/AnneHappy/l4d2_skill_detect.smx] Clear: 3 freed 1 from 8: time: 0.92 / 4.11 -- class: smoker (with shove? 1)
L 04/23/2022 - 22:38:07: [optional/AnneHappy/l4d2_skill_detect.smx] Clear: 4 freed 2 from 8: time: 0.69 / -1.00 -- class: jockey (with shove? 1)
L 04/23/2022 - 22:38:10: [optional/AnneHappy/l4d2_skill_detect.smx] Clear: 2 freed 4 from 6: time: 2.51 / -1.00 -- class: hunter (with shove? 1)
L 04/23/2022 - 22:38:19: [optional/AnneHappy/l4d2_skill_detect.smx] Clear: 2 freed 3 from 7: time: 15.44 / -1.00 -- class: hunter (with shove? 0)
L 04/23/2022 - 22:38:20: [optional/AnneHappy/l4d2_skill_detect.smx] Clear: 2 freed 4 from 6: time: 6.31 / -1.00 -- class: hunter (with shove? 0)
L 04/23/2022 - 22:38:30: [optional/AnneHappy/l4d2_skill_detect.smx] Clear: 4 freed 2 from 6: time: 2.00 / -1.00 -- class: hunter (with shove? 0)
L 04/23/2022 - 22:38:41: [optional/AnneHappy/l4d2_saferoom_item_remove.smx] Removed 0 saferoom item(s) (start: 0; end: 0).
L 04/23/2022 - 22:38:43: SourceMod log file session started (file "/root/l4d2/left4dead2/addons/sourcemod/logs/L20220423.log") (Version "1.11.0.6826")
L 04/23/2022 - 22:38:43: -------- Mapchange to c5m1_waterfront --------
L 04/23/2022 - 22:38:45: [optional/AnneHappy/l4d2_saferoom_item_remove.smx] Removed 0 saferoom item(s) (start: 0; end: 0).
L 04/23/2022 - 22:41:25: SourceMod log file session started (file "/root/l4d2/left4dead2/addons/sourcemod/logs/L20220423.log") (Version "1.11.0.6826")
L 04/23/2022 - 22:41:25: -------- Mapchange to c5m1_waterfront --------
L 04/23/2022 - 22:41:27: [optional/AnneHappy/l4d2_saferoom_item_remove.smx] Removed 0 saferoom item(s) (start: 0; end: 0).
L 04/23/2022 - 22:45:55: -------- Mapchange to ddg1_tower_v2_1 --------
L 04/23/2022 - 22:45:57: [optional/l4d2lib.smx] [MI] MapInfo for ddg1_tower_v2_1 is missing.
L 04/23/2022 - 22:45:57: [AnneHappy.smx] [MI] MapInfo for ddg1_tower_v2_1 is missing.
L 04/23/2022 - 22:45:57: [optional/AnneHappy/l4d2_saferoom_detect.smx] [SI] SaferoomInfo for ddg1_tower_v2_1 is missing.
L 04/23/2022 - 22:45:58: [optional/AnneHappy/l4d2_saferoom_item_remove.smx] Removed 0 saferoom item(s) (start: 0; end: 0).
L 04/23/2022 - 22:47:33: [optional/AnneHappy/l4d2_skill_detect.smx] Clear: 5 freed 1 from 7: time: 3.05 / -1.00 -- class: hunter (with shove? 0)
L 04/23/2022 - 22:47:35: [optional/AnneHappy/l4d2_skill_detect.smx] Charge carry start: 9 - 3 -- time: 98.98
L 04/23/2022 - 22:47:39: [optional/AnneHappy/l4d2_skill_detect.smx] Checking charge victim: 9 - 3 - flags: 1 (alive? 1)
L 04/23/2022 - 22:47:40: [optional/AnneHappy/l4d2_skill_detect.smx] Clear: 4 freed 3 from 9: time: 3.11 / 4.59 -- class: charger (with shove? 0)
L 04/23/2022 - 22:47:54: [optional/AnneHappy/l4d2_skill_detect.smx] Charge carry start: 10 - 1 -- time: 117.45
L 04/23/2022 - 22:47:58: [optional/AnneHappy/l4d2_skill_detect.smx] Checking charge victim: 10 - 3 - flags: 0 (alive? 1)
L 04/23/2022 - 22:47:58: [optional/AnneHappy/l4d2_skill_detect.smx] Checking charge victim: 10 - 4 - flags: 0 (alive? 1)
L 04/23/2022 - 22:47:58: [optional/AnneHappy/l4d2_skill_detect.smx] Checking charge victim: 10 - 1 - flags: 1 (alive? 1)
L 04/23/2022 - 22:48:02: [optional/AnneHappy/l4d2_skill_detect.smx] Clear: 3 freed 5 from 7: time: 4.87 / -1.00 -- class: jockey (with shove? 1)
L 04/23/2022 - 22:48:03: [optional/AnneHappy/l4d2_skill_detect.smx] Clear: 5 freed 1 from 10: time: 7.13 / 9.38 -- class: charger (with shove? 0)
L 04/23/2022 - 22:48:09: [optional/AnneHappy/l4d2_skill_detect.smx] Clear: 3 freed 4 from 8: time: 9.47 / -1.00 -- class: jockey (with shove? 1)
L 04/23/2022 - 22:48:20: [optional/AnneHappy/l4d2_skill_detect.smx] Clear: 1 freed 3 from 2: time: 0.78 / -1.00 -- class: jockey (with shove? 0)
L 04/23/2022 - 22:48:26: [optional/AnneHappy/l4d2_skill_detect.smx] Clear: 3 freed 5 from 6: time: 1.80 / -1.00 -- class: hunter (with shove? 0)
L 04/23/2022 - 22:48:41: [optional/AnneHappy/l4d2_skill_detect.smx] Clear: 5 freed 3 from 9: time: 1.77 / 3.50 -- class: smoker (with shove? 1)
L 04/23/2022 - 22:49:07: [optional/AnneHappy/l4d2_skill_detect.smx] Charge carry start: 7 - 5 -- time: 190.90
L 04/23/2022 - 22:49:11: [optional/AnneHappy/l4d2_skill_detect.smx] Checking charge victim: 7 - 5 - flags: 1 (alive? 1)
L 04/23/2022 - 22:49:11: [optional/AnneHappy/l4d2_skill_detect.smx] Checking charge victim: 7 - 4 - flags: 0 (alive? 1)
L 04/23/2022 - 22:49:11: [optional/AnneHappy/l4d2_skill_detect.smx] Clear: 3 freed 5 from 7: time: 2.24 / 3.57 -- class: charger (with shove? 0)
L 04/23/2022 - 22:49:11: [optional/AnneHappy/l4d2_skill_detect.smx] Checking charge victim: 7 - 1 - flags: 0 (alive? 1)
L 04/23/2022 - 22:49:12: [optional/AnneHappy/l4d2_skill_detect.smx] Clear: 3 freed 5 from 8: time: 1.15 / -1.00 -- class: hunter (with shove? 0)
L 04/23/2022 - 22:49:23: [optional/AnneHappy/l4d2_saferoom_item_remove.smx] Removed 0 saferoom item(s) (start: 0; end: 0).
L 04/23/2022 - 22:49:46: [optional/AnneHappy/l4d2_skill_detect.smx] Clear: 3 freed 1 from 6: time: 8.58 / -1.00 -- class: hunter (with shove? 1)
L 04/23/2022 - 22:49:54: [optional/AnneHappy/l4d2_skill_detect.smx] Clear: 5 freed 3 from 6: time: 7.52 / -1.00 -- class: hunter (with shove? 1)
L 04/23/2022 - 22:49:57: [optional/AnneHappy/l4d2_skill_detect.smx] Clear: 3 freed 5 from 6: time: 1.16 / -1.00 -- class: hunter (with shove? 0)
L 04/23/2022 - 22:49:58: [optional/AnneHappy/l4d2_skill_detect.smx] Clear: 3 freed 4 from 7: time: 12.00 / -1.00 -- class: hunter (with shove? 1)
L 04/23/2022 - 22:50:06: [optional/AnneHappy/l4d2_skill_detect.smx] Charge carry start: 10 - 3 -- time: 249.06
L 04/23/2022 - 22:50:10: [optional/AnneHappy/l4d2_skill_detect.smx] Checking charge victim: 10 - 3 - flags: 129 (alive? 1)
L 04/23/2022 - 22:50:11: [optional/AnneHappy/l4d2_skill_detect.smx] Clear: 4 freed 3 from 10: time: 3.68 / 5.72 -- class: charger (with shove? 0)
L 04/23/2022 - 22:50:13: [optional/AnneHappy/l4d2_skill_detect.smx] Checking charge victim: 10 - 3 - flags: 385 (alive? 1)
L 04/23/2022 - 22:50:36: [optional/AnneHappy/l4d2_saferoom_item_remove.smx] Removed 0 saferoom item(s) (start: 0; end: 0).
L 04/23/2022 - 22:50:52: [optional/AnneHappy/l4d2_skill_detect.smx] Clear: 3 freed 1 from 2: time: 4.27 / -1.00 -- class: hunter (with shove? 0)
L 04/23/2022 - 22:50:59: [optional/AnneHappy/l4d2_skill_detect.smx] Clear: 5 freed 1 from 6: time: 3.67 / -1.00 -- class: hunter (with shove? 1)
L 04/23/2022 - 22:51:02: [optional/AnneHappy/l4d2_skill_detect.smx] Clear: 3 freed 4 from 8: time: 11.35 / -1.00 -- class: jockey (with shove? 0)
L 04/23/2022 - 22:51:05: [optional/AnneHappy/l4d2_skill_detect.smx] Charge carry start: 10 - 1 -- time: 307.94
L 04/23/2022 - 22:51:06: [optional/AnneHappy/l4d2_skill_detect.smx] Clear: 3 freed 1 from 10: time: 0.01 / 1.32 -- class: charger (with shove? 0)
L 04/23/2022 - 22:51:08: [optional/AnneHappy/l4d2_skill_detect.smx] Checking charge victim: 10 - 1 - flags: 1 (alive? 1)
L 04/23/2022 - 22:51:23: [optional/AnneHappy/l4d2_skill_detect.smx] Clear: 11 freed 5 from 7: time: 2.17 / -1.00 -- class: jockey (with shove? 0)
L 04/23/2022 - 22:52:11: SourceMod log file session started (file "/root/l4d2/left4dead2/addons/sourcemod/logs/L20220423.log") (Version "1.11.0.6826")
L 04/23/2022 - 22:52:11: -------- Mapchange to c5m1_waterfront --------
L 04/23/2022 - 22:52:13: [optional/AnneHappy/l4d2_saferoom_item_remove.smx] Removed 0 saferoom item(s) (start: 0; end: 0).
L 04/24/2022 - 01:15:49: Log file closed.
